2023-07-15T20:34:16.617+07:00  INFO 7828 --- [restartedMain] c.shopme.admin.ShopmeBackEndApplication  : Starting ShopmeBackEndApplication using Java 17.0.4.1 with PID 7828 (E:\JavaSpri2\ShopmeProject\ShopmeWebParent\ShopmeBackEnd\target\classes started by ASUS in E:\JavaSpri2\ShopmeProject\ShopmeWebParent\ShopmeBackEnd)
2023-07-15T20:34:16.617+07:00  INFO 7828 --- [restartedMain] c.shopme.admin.ShopmeBackEndApplication  : No active profile set, falling back to 1 default profile: "default"
2023-07-15T20:34:16.770+07:00  INFO 7828 --- [restartedMain] .s.d.r.c.RepositoryConfigurationDelegate : Bootstrapping Spring Data JPA repositories in DEFAULT mode.
2023-07-15T20:34:16.783+07:00  INFO 7828 --- [restartedMain] .s.d.r.c.RepositoryConfigurationDelegate : Finished Spring Data repository scanning in 12 ms. Found 2 JPA repository interfaces.
2023-07-15T20:34:16.889+07:00  INFO 7828 --- [restartedMain] o.s.b.w.embedded.tomcat.TomcatWebServer  : Tomcat initialized with port(s): 8080 (http)
2023-07-15T20:34:16.890+07:00  INFO 7828 --- [restartedMain] o.apache.catalina.core.StandardService   : Starting service [Tomcat]
2023-07-15T20:34:16.891+07:00  INFO 7828 --- [restartedMain] o.apache.catalina.core.StandardEngine    : Starting Servlet engine: [Apache Tomcat/10.1.10]
2023-07-15T20:34:16.909+07:00  INFO 7828 --- [restartedMain] o.a.c.c.C.[.[localhost].[/ShopmeAdmin]   : Initializing Spring embedded WebApplicationContext
2023-07-15T20:34:16.910+07:00  INFO 7828 --- [restartedMain] w.s.c.ServletWebServerApplicationContext : Root WebApplicationContext: initialization completed in 290 ms
2023-07-15T20:34:16.952+07:00  INFO 7828 --- [restartedMain] o.hibernate.jpa.internal.util.LogHelper  : HHH000204: Processing PersistenceUnitInfo [name: default]
2023-07-15T20:34:16.965+07:00  INFO 7828 --- [restartedMain] o.h.b.i.BytecodeProviderInitiator        : HHH000021: Bytecode provider name : bytebuddy
2023-07-15T20:34:16.965+07:00  INFO 7828 --- [restartedMain] o.s.o.j.p.SpringPersistenceUnitInfo      : No LoadTimeWeaver setup: ignoring JPA class transformer
2023-07-15T20:34:16.967+07:00  INFO 7828 --- [restartedMain] com.zaxxer.hikari.HikariDataSource       : HikariPool-2 - Starting...
2023-07-15T20:34:16.983+07:00  INFO 7828 --- [restartedMain] com.zaxxer.hikari.pool.HikariPool        : HikariPool-2 - Added connection com.mysql.cj.jdbc.ConnectionImpl@a5866b7
2023-07-15T20:34:16.983+07:00  INFO 7828 --- [restartedMain] com.zaxxer.hikari.HikariDataSource       : HikariPool-2 - Start completed.
2023-07-15T20:34:16.984+07:00  WARN 7828 --- [restartedMain] org.hibernate.orm.deprecation            : HHH90000026: MySQL8Dialect has been deprecated; use org.hibernate.dialect.MySQLDialect instead
2023-07-15T20:34:16.994+07:00  INFO 7828 --- [restartedMain] o.h.b.i.BytecodeProviderInitiator        : HHH000021: Bytecode provider name : bytebuddy
2023-07-15T20:34:17.024+07:00  INFO 7828 --- [restartedMain] o.h.e.t.j.p.i.JtaPlatformInitiator       : HHH000490: Using JtaPlatform implementation: [org.hibernate.engine.transaction.jta.platform.internal.NoJtaPlatform]
2023-07-15T20:34:17.055+07:00  INFO 7828 --- [restartedMain] j.LocalContainerEntityManagerFactoryBean : Initialized JPA EntityManagerFactory for persistence unit 'default'
2023-07-15T20:34:17.138+07:00  WARN 7828 --- [restartedMain] JpaBaseConfiguration$JpaWebConfiguration : spring.jpa.open-in-view is enabled by default. Therefore, database queries may be performed during view rendering. Explicitly configure spring.jpa.open-in-view to disable this warning
2023-07-15T20:34:17.161+07:00  INFO 7828 --- [restartedMain] o.s.b.a.w.s.WelcomePageHandlerMapping    : Adding welcome page template: index
2023-07-15T20:34:17.418+07:00  INFO 7828 --- [restartedMain] o.s.s.web.DefaultSecurityFilterChain     : Will secure any request with [org.springframework.security.web.session.DisableEncodeUrlFilter@22c027c3, org.springframework.security.web.context.request.async.WebAsyncManagerIntegrationFilter@17f0bf19, org.springframework.security.web.context.SecurityContextHolderFilter@7adfb073, org.springframework.security.web.header.HeaderWriterFilter@200c58c2, org.springframework.security.web.csrf.CsrfFilter@520b848c, org.springframework.security.web.authentication.logout.LogoutFilter@7d80da0e, org.springframework.security.web.authentication.UsernamePasswordAuthenticationFilter@7cf9d8a5, org.springframework.security.web.savedrequest.RequestCacheAwareFilter@747e6440, org.springframework.security.web.servletapi.SecurityContextHolderAwareRequestFilter@3853248e, org.springframework.security.web.authentication.rememberme.RememberMeAuthenticationFilter@7d23d9e, org.springframework.security.web.authentication.AnonymousAuthenticationFilter@25fe61b2, org.springframework.security.web.access.ExceptionTranslationFilter@1e9a5f6e, org.springframework.security.web.access.intercept.AuthorizationFilter@5b8dd10b]
2023-07-15T20:34:17.420+07:00  WARN 7828 --- [restartedMain] o.s.s.c.a.web.builders.WebSecurity       : You are asking Spring Security to ignore Mvc [pattern='/images/**']. This is not recommended -- please use permitAll via HttpSecurity#authorizeHttpRequests instead.
2023-07-15T20:34:17.420+07:00  INFO 7828 --- [restartedMain] o.s.s.web.DefaultSecurityFilterChain     : Will not secure Mvc [pattern='/images/**']
2023-07-15T20:34:17.420+07:00  WARN 7828 --- [restartedMain] o.s.s.c.a.web.builders.WebSecurity       : You are asking Spring Security to ignore Mvc [pattern='/js/**']. This is not recommended -- please use permitAll via HttpSecurity#authorizeHttpRequests instead.
2023-07-15T20:34:17.420+07:00  INFO 7828 --- [restartedMain] o.s.s.web.DefaultSecurityFilterChain     : Will not secure Mvc [pattern='/js/**']
2023-07-15T20:34:17.420+07:00  WARN 7828 --- [restartedMain] o.s.s.c.a.web.builders.WebSecurity       : You are asking Spring Security to ignore Mvc [pattern='/webjars/**']. This is not recommended -- please use permitAll via HttpSecurity#authorizeHttpRequests instead.
2023-07-15T20:34:17.420+07:00  INFO 7828 --- [restartedMain] o.s.s.web.DefaultSecurityFilterChain     : Will not secure Mvc [pattern='/webjars/**']
2023-07-15T20:34:17.468+07:00  INFO 7828 --- [restartedMain] o.s.b.d.a.OptionalLiveReloadServer       : LiveReload server is running on port 35729
2023-07-15T20:34:17.479+07:00  INFO 7828 --- [restartedMain] o.s.b.w.embedded.tomcat.TomcatWebServer  : Tomcat started on port(s): 8080 (http) with context path '/ShopmeAdmin'
2023-07-15T20:34:17.486+07:00  INFO 7828 --- [restartedMain] c.shopme.admin.ShopmeBackEndApplication  : Started ShopmeBackEndApplication in 0.899 seconds (process running for 79.503)
2023-07-15T20:34:17.490+07:00  INFO 7828 --- [restartedMain] .ConditionEvaluationDeltaLoggingListener : Condition evaluation unchanged
2023-07-15T20:38:42.961+07:00  INFO 7828 --- [File Watcher] rtingClassPathChangeChangedEventListener : Restarting due to 1 class path change (0 additions, 0 deletions, 1 modification)
2023-07-15T20:38:42.975+07:00  INFO 7828 --- [Thread-7] o.apache.catalina.core.StandardService   : Stopping service [Tomcat]
2023-07-15T20:38:42.980+07:00  INFO 7828 --- [Thread-7] j.LocalContainerEntityManagerFactoryBean : Closing JPA EntityManagerFactory for persistence unit 'default'
2023-07-15T20:38:42.981+07:00  INFO 7828 --- [Thread-7] com.zaxxer.hikari.HikariDataSource       : HikariPool-2 - Shutdown initiated...
2023-07-15T20:38:42.993+07:00  INFO 7828 --- [Thread-7] com.zaxxer.hikari.HikariDataSource       : HikariPool-2 - Shutdown completed.
2023-07-15T20:38:43.066+07:00  INFO 7828 --- [restartedMain] c.shopme.admin.ShopmeBackEndApplication  : Starting ShopmeBackEndApplication using Java 17.0.4.1 with PID 7828 (E:\JavaSpri2\ShopmeProject\ShopmeWebParent\ShopmeBackEnd\target\classes started by ASUS in E:\JavaSpri2\ShopmeProject\ShopmeWebParent\ShopmeBackEnd)
2023-07-15T20:38:43.066+07:00  INFO 7828 --- [restartedMain] c.shopme.admin.ShopmeBackEndApplication  : No active profile set, falling back to 1 default profile: "default"
2023-07-15T20:38:43.218+07:00  INFO 7828 --- [restartedMain] .s.d.r.c.RepositoryConfigurationDelegate : Bootstrapping Spring Data JPA repositories in DEFAULT mode.
2023-07-15T20:38:43.226+07:00  INFO 7828 --- [restartedMain] .s.d.r.c.RepositoryConfigurationDelegate : Finished Spring Data repository scanning in 7 ms. Found 2 JPA repository interfaces.
2023-07-15T20:38:43.305+07:00  INFO 7828 --- [restartedMain] o.s.b.w.embedded.tomcat.TomcatWebServer  : Tomcat initialized with port(s): 8080 (http)
2023-07-15T20:38:43.306+07:00  INFO 7828 --- [restartedMain] o.apache.catalina.core.StandardService   : Starting service [Tomcat]
2023-07-15T20:38:43.306+07:00  INFO 7828 --- [restartedMain] o.apache.catalina.core.StandardEngine    : Starting Servlet engine: [Apache Tomcat/10.1.10]
2023-07-15T20:38:43.322+07:00  INFO 7828 --- [restartedMain] o.a.c.c.C.[.[localhost].[/ShopmeAdmin]   : Initializing Spring embedded WebApplicationContext
2023-07-15T20:38:43.322+07:00  INFO 7828 --- [restartedMain] w.s.c.ServletWebServerApplicationContext : Root WebApplicationContext: initialization completed in 252 ms
2023-07-15T20:38:43.363+07:00  INFO 7828 --- [restartedMain] o.hibernate.jpa.internal.util.LogHelper  : HHH000204: Processing PersistenceUnitInfo [name: default]
2023-07-15T20:38:43.373+07:00  INFO 7828 --- [restartedMain] o.h.b.i.BytecodeProviderInitiator        : HHH000021: Bytecode provider name : bytebuddy
2023-07-15T20:38:43.373+07:00  INFO 7828 --- [restartedMain] o.s.o.j.p.SpringPersistenceUnitInfo      : No LoadTimeWeaver setup: ignoring JPA class transformer
2023-07-15T20:38:43.375+07:00  INFO 7828 --- [restartedMain] com.zaxxer.hikari.HikariDataSource       : HikariPool-3 - Starting...
2023-07-15T20:38:43.403+07:00  INFO 7828 --- [restartedMain] com.zaxxer.hikari.pool.HikariPool        : HikariPool-3 - Added connection com.mysql.cj.jdbc.ConnectionImpl@53896fd0
2023-07-15T20:38:43.403+07:00  INFO 7828 --- [restartedMain] com.zaxxer.hikari.HikariDataSource       : HikariPool-3 - Start completed.
2023-07-15T20:38:43.403+07:00  WARN 7828 --- [restartedMain] org.hibernate.orm.deprecation            : HHH90000026: MySQL8Dialect has been deprecated; use org.hibernate.dialect.MySQLDialect instead
2023-07-15T20:38:43.412+07:00  INFO 7828 --- [restartedMain] o.h.b.i.BytecodeProviderInitiator        : HHH000021: Bytecode provider name : bytebuddy
2023-07-15T20:38:43.440+07:00  INFO 7828 --- [restartedMain] o.h.e.t.j.p.i.JtaPlatformInitiator       : HHH000490: Using JtaPlatform implementation: [org.hibernate.engine.transaction.jta.platform.internal.NoJtaPlatform]
2023-07-15T20:38:43.470+07:00  INFO 7828 --- [restartedMain] j.LocalContainerEntityManagerFactoryBean : Initialized JPA EntityManagerFactory for persistence unit 'default'
2023-07-15T20:38:43.550+07:00  WARN 7828 --- [restartedMain] JpaBaseConfiguration$JpaWebConfiguration : spring.jpa.open-in-view is enabled by default. Therefore, database queries may be performed during view rendering. Explicitly configure spring.jpa.open-in-view to disable this warning
2023-07-15T20:38:43.564+07:00  INFO 7828 --- [restartedMain] o.s.b.a.w.s.WelcomePageHandlerMapping    : Adding welcome page template: index
2023-07-15T20:38:43.828+07:00  INFO 7828 --- [restartedMain] o.s.s.web.DefaultSecurityFilterChain     : Will secure any request with [org.springframework.security.web.session.DisableEncodeUrlFilter@47459f6a, org.springframework.security.web.context.request.async.WebAsyncManagerIntegrationFilter@520abdf6, org.springframework.security.web.context.SecurityContextHolderFilter@37fea2cf, org.springframework.security.web.header.HeaderWriterFilter@50d59ed, org.springframework.security.web.csrf.CsrfFilter@2d5ab6e3, org.springframework.security.web.authentication.logout.LogoutFilter@78894a45, org.springframework.security.web.authentication.UsernamePasswordAuthenticationFilter@6e098aec, org.springframework.security.web.savedrequest.RequestCacheAwareFilter@4f6be77d, org.springframework.security.web.servletapi.SecurityContextHolderAwareRequestFilter@558e9669, org.springframework.security.web.authentication.rememberme.RememberMeAuthenticationFilter@3f46578f, org.springframework.security.web.authentication.AnonymousAuthenticationFilter@70f613b1, org.springframework.security.web.access.ExceptionTranslationFilter@1dc0f7fe, org.springframework.security.web.access.intercept.AuthorizationFilter@635ed084]
2023-07-15T20:38:43.831+07:00  WARN 7828 --- [restartedMain] o.s.s.c.a.web.builders.WebSecurity       : You are asking Spring Security to ignore Mvc [pattern='/images/**']. This is not recommended -- please use permitAll via HttpSecurity#authorizeHttpRequests instead.
2023-07-15T20:38:43.832+07:00  INFO 7828 --- [restartedMain] o.s.s.web.DefaultSecurityFilterChain     : Will not secure Mvc [pattern='/images/**']
2023-07-15T20:38:43.832+07:00  WARN 7828 --- [restartedMain] o.s.s.c.a.web.builders.WebSecurity       : You are asking Spring Security to ignore Mvc [pattern='/js/**']. This is not recommended -- please use permitAll via HttpSecurity#authorizeHttpRequests instead.
2023-07-15T20:38:43.832+07:00  INFO 7828 --- [restartedMain] o.s.s.web.DefaultSecurityFilterChain     : Will not secure Mvc [pattern='/js/**']
2023-07-15T20:38:43.832+07:00  WARN 7828 --- [restartedMain] o.s.s.c.a.web.builders.WebSecurity       : You are asking Spring Security to ignore Mvc [pattern='/webjars/**']. This is not recommended -- please use permitAll via HttpSecurity#authorizeHttpRequests instead.
2023-07-15T20:38:43.832+07:00  INFO 7828 --- [restartedMain] o.s.s.web.DefaultSecurityFilterChain     : Will not secure Mvc [pattern='/webjars/**']
2023-07-15T20:38:43.880+07:00  INFO 7828 --- [restartedMain] o.s.b.d.a.OptionalLiveReloadServer       : LiveReload server is running on port 35729
2023-07-15T20:38:43.892+07:00  INFO 7828 --- [restartedMain] o.s.b.w.embedded.tomcat.TomcatWebServer  : Tomcat started on port(s): 8080 (http) with context path '/ShopmeAdmin'
2023-07-15T20:38:43.900+07:00  INFO 7828 --- [restartedMain] c.shopme.admin.ShopmeBackEndApplication  : Started ShopmeBackEndApplication in 0.86 seconds (process running for 345.917)
2023-07-15T20:38:43.902+07:00  INFO 7828 --- [restartedMain] .ConditionEvaluationDeltaLoggingListener : Condition evaluation unchanged
2023-07-15T20:39:59.427+07:00  INFO 7828 --- [RMI TCP Connection(22)-127.0.0.1] inMXBeanRegistrar$SpringApplicationAdmin : Application shutdown requested.
2023-07-15T20:39:59.444+07:00  INFO 7828 --- [RMI TCP Connection(22)-127.0.0.1] o.apache.catalina.core.StandardService   : Stopping service [Tomcat]
2023-07-15T20:39:59.449+07:00  INFO 7828 --- [RMI TCP Connection(22)-127.0.0.1] j.LocalContainerEntityManagerFactoryBean : Closing JPA EntityManagerFactory for persistence unit 'default'
2023-07-15T20:39:59.450+07:00  INFO 7828 --- [RMI TCP Connection(22)-127.0.0.1] com.zaxxer.hikari.HikariDataSource       : HikariPool-3 - Shutdown initiated...
2023-07-15T20:39:59.457+07:00  INFO 7828 --- [RMI TCP Connection(22)-127.0.0.1] com.zaxxer.hikari.HikariDataSource       : HikariPool-3 - Shutdown completed.
2023-07-15T20:40:01.642+07:00  INFO 11892 --- [restartedMain] c.shopme.admin.ShopmeBackEndApplication  : Starting ShopmeBackEndApplication using Java 17.0.4.1 with PID 11892 (E:\JavaSpri2\ShopmeProject\ShopmeWebParent\ShopmeBackEnd\target\classes started by ASUS in E:\JavaSpri2\ShopmeProject\ShopmeWebParent\ShopmeBackEnd)
2023-07-15T20:40:01.645+07:00  INFO 11892 --- [restartedMain] c.shopme.admin.ShopmeBackEndApplication  : No active profile set, falling back to 1 default profile: "default"
2023-07-15T20:40:01.700+07:00  INFO 11892 --- [restartedMain] .e.DevToolsPropertyDefaultsPostProcessor : Devtools property defaults active! Set 'spring.devtools.add-properties' to 'false' to disable
2023-07-15T20:40:01.700+07:00  INFO 11892 --- [restartedMain] .e.DevToolsPropertyDefaultsPostProcessor : For additional web related logging consider setting the 'logging.level.web' property to 'DEBUG'
2023-07-15T20:40:02.267+07:00  INFO 11892 --- [restartedMain] .s.d.r.c.RepositoryConfigurationDelegate : Bootstrapping Spring Data JPA repositories in DEFAULT mode.
2023-07-15T20:40:02.324+07:00  INFO 11892 --- [restartedMain] .s.d.r.c.RepositoryConfigurationDelegate : Finished Spring Data repository scanning in 49 ms. Found 2 JPA repository interfaces.
2023-07-15T20:40:02.886+07:00  INFO 11892 --- [restartedMain] o.s.b.w.embedded.tomcat.TomcatWebServer  : Tomcat initialized with port(s): 8080 (http)
2023-07-15T20:40:02.897+07:00  INFO 11892 --- [restartedMain] o.apache.catalina.core.StandardService   : Starting service [Tomcat]
2023-07-15T20:40:02.897+07:00  INFO 11892 --- [restartedMain] o.apache.catalina.core.StandardEngine    : Starting Servlet engine: [Apache Tomcat/10.1.10]
2023-07-15T20:40:02.967+07:00  INFO 11892 --- [restartedMain] o.a.c.c.C.[.[localhost].[/ShopmeAdmin]   : Initializing Spring embedded WebApplicationContext
2023-07-15T20:40:02.968+07:00  INFO 11892 --- [restartedMain] w.s.c.ServletWebServerApplicationContext : Root WebApplicationContext: initialization completed in 1267 ms
2023-07-15T20:40:03.111+07:00  INFO 11892 --- [restartedMain] o.hibernate.jpa.internal.util.LogHelper  : HHH000204: Processing PersistenceUnitInfo [name: default]
2023-07-15T20:40:03.173+07:00  INFO 11892 --- [restartedMain] org.hibernate.Version                    : HHH000412: Hibernate ORM core version 6.2.5.Final
2023-07-15T20:40:03.177+07:00  INFO 11892 --- [restartedMain] org.hibernate.cfg.Environment            : HHH000406: Using bytecode reflection optimizer
2023-07-15T20:40:03.336+07:00  INFO 11892 --- [restartedMain] o.h.b.i.BytecodeProviderInitiator        : HHH000021: Bytecode provider name : bytebuddy
2023-07-15T20:40:03.488+07:00  INFO 11892 --- [restartedMain] o.s.o.j.p.SpringPersistenceUnitInfo      : No LoadTimeWeaver setup: ignoring JPA class transformer
2023-07-15T20:40:03.507+07:00  INFO 11892 --- [restartedMain] com.zaxxer.hikari.HikariDataSource       : HikariPool-1 - Starting...
2023-07-15T20:40:03.787+07:00  INFO 11892 --- [restartedMain] com.zaxxer.hikari.pool.HikariPool        : HikariPool-1 - Added connection com.mysql.cj.jdbc.ConnectionImpl@790ca0e7
2023-07-15T20:40:03.789+07:00  INFO 11892 --- [restartedMain] com.zaxxer.hikari.HikariDataSource       : HikariPool-1 - Start completed.
2023-07-15T20:40:03.838+07:00  WARN 11892 --- [restartedMain] org.hibernate.orm.deprecation            : HHH90000026: MySQL8Dialect has been deprecated; use org.hibernate.dialect.MySQLDialect instead
2023-07-15T20:40:04.101+07:00  INFO 11892 --- [restartedMain] o.h.b.i.BytecodeProviderInitiator        : HHH000021: Bytecode provider name : bytebuddy
2023-07-15T20:40:04.749+07:00  INFO 11892 --- [restartedMain] o.h.e.t.j.p.i.JtaPlatformInitiator       : HHH000490: Using JtaPlatform implementation: [org.hibernate.engine.transaction.jta.platform.internal.NoJtaPlatform]
2023-07-15T20:40:04.822+07:00  INFO 11892 --- [restartedMain] j.LocalContainerEntityManagerFactoryBean : Initialized JPA EntityManagerFactory for persistence unit 'default'
2023-07-15T20:40:05.054+07:00  INFO 11892 --- [restartedMain] o.s.d.j.r.query.QueryEnhancerFactory     : Hibernate is in classpath; If applicable, HQL parser will be used.
2023-07-15T20:40:05.531+07:00  WARN 11892 --- [restartedMain] JpaBaseConfiguration$JpaWebConfiguration : spring.jpa.open-in-view is enabled by default. Therefore, database queries may be performed during view rendering. Explicitly configure spring.jpa.open-in-view to disable this warning
2023-07-15T20:40:05.613+07:00  INFO 11892 --- [restartedMain] o.s.b.a.w.s.WelcomePageHandlerMapping    : Adding welcome page template: index
2023-07-15T20:40:06.033+07:00  INFO 11892 --- [restartedMain] o.s.s.web.DefaultSecurityFilterChain     : Will secure any request with [org.springframework.security.web.session.DisableEncodeUrlFilter@152dcfe1, org.springframework.security.web.context.request.async.WebAsyncManagerIntegrationFilter@492c4fc0, org.springframework.security.web.context.SecurityContextHolderFilter@3daac4f5, org.springframework.security.web.header.HeaderWriterFilter@f02be4, org.springframework.security.web.csrf.CsrfFilter@6dbc1d4b, org.springframework.security.web.authentication.logout.LogoutFilter@fdda9fe, org.springframework.security.web.authentication.UsernamePasswordAuthenticationFilter@3e12d508, org.springframework.security.web.savedrequest.RequestCacheAwareFilter@446e91a0, org.springframework.security.web.servletapi.SecurityContextHolderAwareRequestFilter@25d4ee3b, org.springframework.security.web.authentication.rememberme.RememberMeAuthenticationFilter@6cf120da, org.springframework.security.web.authentication.AnonymousAuthenticationFilter@2cbe41cf, org.springframework.security.web.access.ExceptionTranslationFilter@544cf658, org.springframework.security.web.access.intercept.AuthorizationFilter@4645e40e]
2023-07-15T20:40:06.036+07:00  WARN 11892 --- [restartedMain] o.s.s.c.a.web.builders.WebSecurity       : You are asking Spring Security to ignore Mvc [pattern='/images/**']. This is not recommended -- please use permitAll via HttpSecurity#authorizeHttpRequests instead.
2023-07-15T20:40:06.036+07:00  INFO 11892 --- [restartedMain] o.s.s.web.DefaultSecurityFilterChain     : Will not secure Mvc [pattern='/images/**']
2023-07-15T20:40:06.037+07:00  WARN 11892 --- [restartedMain] o.s.s.c.a.web.builders.WebSecurity       : You are asking Spring Security to ignore Mvc [pattern='/js/**']. This is not recommended -- please use permitAll via HttpSecurity#authorizeHttpRequests instead.
2023-07-15T20:40:06.037+07:00  INFO 11892 --- [restartedMain] o.s.s.web.DefaultSecurityFilterChain     : Will not secure Mvc [pattern='/js/**']
2023-07-15T20:40:06.037+07:00  WARN 11892 --- [restartedMain] o.s.s.c.a.web.builders.WebSecurity       : You are asking Spring Security to ignore Mvc [pattern='/webjars/**']. This is not recommended -- please use permitAll via HttpSecurity#authorizeHttpRequests instead.
2023-07-15T20:40:06.037+07:00  INFO 11892 --- [restartedMain] o.s.s.web.DefaultSecurityFilterChain     : Will not secure Mvc [pattern='/webjars/**']
2023-07-15T20:40:06.252+07:00  INFO 11892 --- [restartedMain] o.s.b.d.a.OptionalLiveReloadServer       : LiveReload server is running on port 35729
2023-07-15T20:40:06.295+07:00  INFO 11892 --- [restartedMain] o.s.b.w.embedded.tomcat.TomcatWebServer  : Tomcat started on port(s): 8080 (http) with context path '/ShopmeAdmin'
2023-07-15T20:40:06.305+07:00  INFO 11892 --- [restartedMain] c.shopme.admin.ShopmeBackEndApplication  : Started ShopmeBackEndApplication in 5.043 seconds (process running for 5.785)
2023-07-15T20:44:13.441+07:00  INFO 11892 --- [File Watcher] rtingClassPathChangeChangedEventListener : Restarting due to 1 class path change (0 additions, 0 deletions, 1 modification)
2023-07-15T20:44:13.453+07:00  INFO 11892 --- [Thread-5] o.apache.catalina.core.StandardService   : Stopping service [Tomcat]
2023-07-15T20:44:13.467+07:00  INFO 11892 --- [Thread-5] j.LocalContainerEntityManagerFactoryBean : Closing JPA EntityManagerFactory for persistence unit 'default'
2023-07-15T20:44:13.471+07:00  INFO 11892 --- [Thread-5] com.zaxxer.hikari.HikariDataSource       : HikariPool-1 - Shutdown initiated...
2023-07-15T20:44:13.481+07:00  INFO 11892 --- [Thread-5] com.zaxxer.hikari.HikariDataSource       : HikariPool-1 - Shutdown completed.
2023-07-15T20:44:13.568+07:00  INFO 11892 --- [restartedMain] c.shopme.admin.ShopmeBackEndApplication  : Starting ShopmeBackEndApplication using Java 17.0.4.1 with PID 11892 (E:\JavaSpri2\ShopmeProject\ShopmeWebParent\ShopmeBackEnd\target\classes started by ASUS in E:\JavaSpri2\ShopmeProject\ShopmeWebParent\ShopmeBackEnd)
2023-07-15T20:44:13.569+07:00  INFO 11892 --- [restartedMain] c.shopme.admin.ShopmeBackEndApplication  : No active profile set, falling back to 1 default profile: "default"
2023-07-15T20:44:13.737+07:00  INFO 11892 --- [restartedMain] .s.d.r.c.RepositoryConfigurationDelegate : Bootstrapping Spring Data JPA repositories in DEFAULT mode.
2023-07-15T20:44:13.746+07:00  INFO 11892 --- [restartedMain] .s.d.r.c.RepositoryConfigurationDelegate : Finished Spring Data repository scanning in 9 ms. Found 2 JPA repository interfaces.
2023-07-15T20:44:13.879+07:00  INFO 11892 --- [restartedMain] o.s.b.w.embedded.tomcat.TomcatWebServer  : Tomcat initialized with port(s): 8080 (http)
2023-07-15T20:44:13.881+07:00  INFO 11892 --- [restartedMain] o.apache.catalina.core.StandardService   : Starting service [Tomcat]
2023-07-15T20:44:13.881+07:00  INFO 11892 --- [restartedMain] o.apache.catalina.core.StandardEngine    : Starting Servlet engine: [Apache Tomcat/10.1.10]
2023-07-15T20:44:13.901+07:00  INFO 11892 --- [restartedMain] o.a.c.c.C.[.[localhost].[/ShopmeAdmin]   : Initializing Spring embedded WebApplicationContext
2023-07-15T20:44:13.901+07:00  INFO 11892 --- [restartedMain] w.s.c.ServletWebServerApplicationContext : Root WebApplicationContext: initialization completed in 329 ms
2023-07-15T20:44:13.963+07:00  INFO 11892 --- [restartedMain] o.hibernate.jpa.internal.util.LogHelper  : HHH000204: Processing PersistenceUnitInfo [name: default]
2023-07-15T20:44:13.972+07:00  INFO 11892 --- [restartedMain] o.h.b.i.BytecodeProviderInitiator        : HHH000021: Bytecode provider name : bytebuddy
2023-07-15T20:44:13.972+07:00  INFO 11892 --- [restartedMain] o.s.o.j.p.SpringPersistenceUnitInfo      : No LoadTimeWeaver setup: ignoring JPA class transformer
2023-07-15T20:44:13.974+07:00  INFO 11892 --- [restartedMain] com.zaxxer.hikari.HikariDataSource       : HikariPool-2 - Starting...
2023-07-15T20:44:13.996+07:00  INFO 11892 --- [restartedMain] com.zaxxer.hikari.pool.HikariPool        : HikariPool-2 - Added connection com.mysql.cj.jdbc.ConnectionImpl@7104627
2023-07-15T20:44:13.996+07:00  INFO 11892 --- [restartedMain] com.zaxxer.hikari.HikariDataSource       : HikariPool-2 - Start completed.
2023-07-15T20:44:13.997+07:00  WARN 11892 --- [restartedMain] org.hibernate.orm.deprecation            : HHH90000026: MySQL8Dialect has been deprecated; use org.hibernate.dialect.MySQLDialect instead
2023-07-15T20:44:14.012+07:00  INFO 11892 --- [restartedMain] o.h.b.i.BytecodeProviderInitiator        : HHH000021: Bytecode provider name : bytebuddy
2023-07-15T20:44:14.047+07:00  INFO 11892 --- [restartedMain] o.h.e.t.j.p.i.JtaPlatformInitiator       : HHH000490: Using JtaPlatform implementation: [org.hibernate.engine.transaction.jta.platform.internal.NoJtaPlatform]
2023-07-15T20:44:14.077+07:00  INFO 11892 --- [restartedMain] j.LocalContainerEntityManagerFactoryBean : Initialized JPA EntityManagerFactory for persistence unit 'default'
2023-07-15T20:44:14.185+07:00  WARN 11892 --- [restartedMain] JpaBaseConfiguration$JpaWebConfiguration : spring.jpa.open-in-view is enabled by default. Therefore, database queries may be performed during view rendering. Explicitly configure spring.jpa.open-in-view to disable this warning
2023-07-15T20:44:14.205+07:00  INFO 11892 --- [restartedMain] o.s.b.a.w.s.WelcomePageHandlerMapping    : Adding welcome page template: index
2023-07-15T20:44:14.476+07:00  INFO 11892 --- [restartedMain] o.s.s.web.DefaultSecurityFilterChain     : Will secure any request with [org.springframework.security.web.session.DisableEncodeUrlFilter@3790f03d, org.springframework.security.web.context.request.async.WebAsyncManagerIntegrationFilter@40cfdb67, org.springframework.security.web.context.SecurityContextHolderFilter@3a0f3e57, org.springframework.security.web.header.HeaderWriterFilter@51cccd99, org.springframework.security.web.csrf.CsrfFilter@52e56c1c, org.springframework.security.web.authentication.logout.LogoutFilter@43a090cc, org.springframework.security.web.authentication.UsernamePasswordAuthenticationFilter@2105bd13, org.springframework.security.web.savedrequest.RequestCacheAwareFilter@43f32086, org.springframework.security.web.servletapi.SecurityContextHolderAwareRequestFilter@6d24acd4, org.springframework.security.web.authentication.rememberme.RememberMeAuthenticationFilter@96d2661, org.springframework.security.web.authentication.AnonymousAuthenticationFilter@4cae1b48, org.springframework.security.web.access.ExceptionTranslationFilter@35d36541, org.springframework.security.web.access.intercept.AuthorizationFilter@7c417d3d]
2023-07-15T20:44:14.478+07:00  WARN 11892 --- [restartedMain] o.s.s.c.a.web.builders.WebSecurity       : You are asking Spring Security to ignore Mvc [pattern='/images/**']. This is not recommended -- please use permitAll via HttpSecurity#authorizeHttpRequests instead.
2023-07-15T20:44:14.479+07:00  INFO 11892 --- [restartedMain] o.s.s.web.DefaultSecurityFilterChain     : Will not secure Mvc [pattern='/images/**']
2023-07-15T20:44:14.479+07:00  WARN 11892 --- [restartedMain] o.s.s.c.a.web.builders.WebSecurity       : You are asking Spring Security to ignore Mvc [pattern='/js/**']. This is not recommended -- please use permitAll via HttpSecurity#authorizeHttpRequests instead.
2023-07-15T20:44:14.479+07:00  INFO 11892 --- [restartedMain] o.s.s.web.DefaultSecurityFilterChain     : Will not secure Mvc [pattern='/js/**']
2023-07-15T20:44:14.479+07:00  WARN 11892 --- [restartedMain] o.s.s.c.a.web.builders.WebSecurity       : You are asking Spring Security to ignore Mvc [pattern='/webjars/**']. This is not recommended -- please use permitAll via HttpSecurity#authorizeHttpRequests instead.
2023-07-15T20:44:14.479+07:00  INFO 11892 --- [restartedMain] o.s.s.web.DefaultSecurityFilterChain     : Will not secure Mvc [pattern='/webjars/**']
2023-07-15T20:44:14.536+07:00  INFO 11892 --- [restartedMain] o.s.b.d.a.OptionalLiveReloadServer       : LiveReload server is running on port 35729
2023-07-15T20:44:14.550+07:00  INFO 11892 --- [restartedMain] o.s.b.w.embedded.tomcat.TomcatWebServer  : Tomcat started on port(s): 8080 (http) with context path '/ShopmeAdmin'
2023-07-15T20:44:14.555+07:00  INFO 11892 --- [restartedMain] c.shopme.admin.ShopmeBackEndApplication  : Started ShopmeBackEndApplication in 1.024 seconds (process running for 254.035)
2023-07-15T20:44:14.559+07:00  INFO 11892 --- [restartedMain] .ConditionEvaluationDeltaLoggingListener : Condition evaluation unchanged
2023-07-15T20:46:08.158+07:00  INFO 11892 --- [File Watcher] rtingClassPathChangeChangedEventListener : Restarting due to 1 class path change (0 additions, 0 deletions, 1 modification)
2023-07-15T20:46:08.169+07:00  INFO 11892 --- [Thread-7] o.apache.catalina.core.StandardService   : Stopping service [Tomcat]
2023-07-15T20:46:08.174+07:00  INFO 11892 --- [Thread-7] j.LocalContainerEntityManagerFactoryBean : Closing JPA EntityManagerFactory for persistence unit 'default'
2023-07-15T20:46:08.174+07:00  INFO 11892 --- [Thread-7] com.zaxxer.hikari.HikariDataSource       : HikariPool-2 - Shutdown initiated...
2023-07-15T20:46:08.178+07:00  INFO 11892 --- [Thread-7] com.zaxxer.hikari.HikariDataSource       : HikariPool-2 - Shutdown completed.
2023-07-15T20:46:08.245+07:00  INFO 11892 --- [restartedMain] c.shopme.admin.ShopmeBackEndApplication  : Starting ShopmeBackEndApplication using Java 17.0.4.1 with PID 11892 (E:\JavaSpri2\ShopmeProject\ShopmeWebParent\ShopmeBackEnd\target\classes started by ASUS in E:\JavaSpri2\ShopmeProject\ShopmeWebParent\ShopmeBackEnd)
2023-07-15T20:46:08.245+07:00  INFO 11892 --- [restartedMain] c.shopme.admin.ShopmeBackEndApplication  : No active profile set, falling back to 1 default profile: "default"
2023-07-15T20:46:08.408+07:00  INFO 11892 --- [restartedMain] .s.d.r.c.RepositoryConfigurationDelegate : Bootstrapping Spring Data JPA repositories in DEFAULT mode.
2023-07-15T20:46:08.418+07:00  INFO 11892 --- [restartedMain] .s.d.r.c.RepositoryConfigurationDelegate : Finished Spring Data repository scanning in 9 ms. Found 2 JPA repository interfaces.
2023-07-15T20:46:08.517+07:00  INFO 11892 --- [restartedMain] o.s.b.w.embedded.tomcat.TomcatWebServer  : Tomcat initialized with port(s): 8080 (http)
2023-07-15T20:46:08.517+07:00  INFO 11892 --- [restartedMain] o.apache.catalina.core.StandardService   : Starting service [Tomcat]
2023-07-15T20:46:08.517+07:00  INFO 11892 --- [restartedMain] o.apache.catalina.core.StandardEngine    : Starting Servlet engine: [Apache Tomcat/10.1.10]
2023-07-15T20:46:08.537+07:00  INFO 11892 --- [restartedMain] o.a.c.c.C.[.[localhost].[/ShopmeAdmin]   : Initializing Spring embedded WebApplicationContext
2023-07-15T20:46:08.537+07:00  INFO 11892 --- [restartedMain] w.s.c.ServletWebServerApplicationContext : Root WebApplicationContext: initialization completed in 289 ms
2023-07-15T20:46:08.582+07:00  INFO 11892 --- [restartedMain] o.hibernate.jpa.internal.util.LogHelper  : HHH000204: Processing PersistenceUnitInfo [name: default]
2023-07-15T20:46:08.588+07:00  INFO 11892 --- [restartedMain] o.h.b.i.BytecodeProviderInitiator        : HHH000021: Bytecode provider name : bytebuddy
2023-07-15T20:46:08.588+07:00  INFO 11892 --- [restartedMain] o.s.o.j.p.SpringPersistenceUnitInfo      : No LoadTimeWeaver setup: ignoring JPA class transformer
2023-07-15T20:46:08.590+07:00  INFO 11892 --- [restartedMain] com.zaxxer.hikari.HikariDataSource       : HikariPool-3 - Starting...
2023-07-15T20:46:08.601+07:00  INFO 11892 --- [restartedMain] com.zaxxer.hikari.pool.HikariPool        : HikariPool-3 - Added connection com.mysql.cj.jdbc.ConnectionImpl@2e078ecb
2023-07-15T20:46:08.601+07:00  INFO 11892 --- [restartedMain] com.zaxxer.hikari.HikariDataSource       : HikariPool-3 - Start completed.
2023-07-15T20:46:08.602+07:00  WARN 11892 --- [restartedMain] org.hibernate.orm.deprecation            : HHH90000026: MySQL8Dialect has been deprecated; use org.hibernate.dialect.MySQLDialect instead
2023-07-15T20:46:08.610+07:00  INFO 11892 --- [restartedMain] o.h.b.i.BytecodeProviderInitiator        : HHH000021: Bytecode provider name : bytebuddy
2023-07-15T20:46:08.635+07:00  INFO 11892 --- [restartedMain] o.h.e.t.j.p.i.JtaPlatformInitiator       : HHH000490: Using JtaPlatform implementation: [org.hibernate.engine.transaction.jta.platform.internal.NoJtaPlatform]
2023-07-15T20:46:08.669+07:00  INFO 11892 --- [restartedMain] j.LocalContainerEntityManagerFactoryBean : Initialized JPA EntityManagerFactory for persistence unit 'default'
2023-07-15T20:46:08.755+07:00  WARN 11892 --- [restartedMain] JpaBaseConfiguration$JpaWebConfiguration : spring.jpa.open-in-view is enabled by default. Therefore, database queries may be performed during view rendering. Explicitly configure spring.jpa.open-in-view to disable this warning
2023-07-15T20:46:08.775+07:00  INFO 11892 --- [restartedMain] o.s.b.a.w.s.WelcomePageHandlerMapping    : Adding welcome page template: index
2023-07-15T20:46:09.023+07:00  INFO 11892 --- [restartedMain] o.s.s.web.DefaultSecurityFilterChain     : Will secure any request with [org.springframework.security.web.session.DisableEncodeUrlFilter@412ac912, org.springframework.security.web.context.request.async.WebAsyncManagerIntegrationFilter@2b99fe88, org.springframework.security.web.context.SecurityContextHolderFilter@70c43bb6, org.springframework.security.web.header.HeaderWriterFilter@153473a9, org.springframework.security.web.csrf.CsrfFilter@291b7dbc, org.springframework.security.web.authentication.logout.LogoutFilter@2fbd1c6e, org.springframework.security.web.authentication.UsernamePasswordAuthenticationFilter@650038d8, org.springframework.security.web.savedrequest.RequestCacheAwareFilter@2405e8f, org.springframework.security.web.servletapi.SecurityContextHolderAwareRequestFilter@486a1a12, org.springframework.security.web.authentication.rememberme.RememberMeAuthenticationFilter@2219067a, org.springframework.security.web.authentication.AnonymousAuthenticationFilter@4f3bd5db, org.springframework.security.web.access.ExceptionTranslationFilter@53832c71, org.springframework.security.web.access.intercept.AuthorizationFilter@372bbe49]
2023-07-15T20:46:09.026+07:00  WARN 11892 --- [restartedMain] o.s.s.c.a.web.builders.WebSecurity       : You are asking Spring Security to ignore Mvc [pattern='/images/**']. This is not recommended -- please use permitAll via HttpSecurity#authorizeHttpRequests instead.
2023-07-15T20:46:09.027+07:00  INFO 11892 --- [restartedMain] o.s.s.web.DefaultSecurityFilterChain     : Will not secure Mvc [pattern='/images/**']
2023-07-15T20:46:09.027+07:00  WARN 11892 --- [restartedMain] o.s.s.c.a.web.builders.WebSecurity       : You are asking Spring Security to ignore Mvc [pattern='/js/**']. This is not recommended -- please use permitAll via HttpSecurity#authorizeHttpRequests instead.
2023-07-15T20:46:09.027+07:00  INFO 11892 --- [restartedMain] o.s.s.web.DefaultSecurityFilterChain     : Will not secure Mvc [pattern='/js/**']
2023-07-15T20:46:09.027+07:00  WARN 11892 --- [restartedMain] o.s.s.c.a.web.builders.WebSecurity       : You are asking Spring Security to ignore Mvc [pattern='/webjars/**']. This is not recommended -- please use permitAll via HttpSecurity#authorizeHttpRequests instead.
2023-07-15T20:46:09.027+07:00  INFO 11892 --- [restartedMain] o.s.s.web.DefaultSecurityFilterChain     : Will not secure Mvc [pattern='/webjars/**']
2023-07-15T20:46:09.071+07:00  INFO 11892 --- [restartedMain] o.s.b.d.a.OptionalLiveReloadServer       : LiveReload server is running on port 35729
2023-07-15T20:46:09.081+07:00  INFO 11892 --- [restartedMain] o.s.b.w.embedded.tomcat.TomcatWebServer  : Tomcat started on port(s): 8080 (http) with context path '/ShopmeAdmin'
2023-07-15T20:46:09.089+07:00  INFO 11892 --- [restartedMain] c.shopme.admin.ShopmeBackEndApplication  : Started ShopmeBackEndApplication in 0.865 seconds (process running for 368.57)
2023-07-15T20:46:09.092+07:00  INFO 11892 --- [restartedMain] .ConditionEvaluationDeltaLoggingListener : Condition evaluation unchanged
2023-07-15T20:47:34.148+07:00  INFO 11892 --- [File Watcher] rtingClassPathChangeChangedEventListener : Restarting due to 1 class path change (0 additions, 0 deletions, 1 modification)
2023-07-15T20:47:34.160+07:00  INFO 11892 --- [Thread-11] o.apache.catalina.core.StandardService   : Stopping service [Tomcat]
2023-07-15T20:47:34.166+07:00  INFO 11892 --- [Thread-11] j.LocalContainerEntityManagerFactoryBean : Closing JPA EntityManagerFactory for persistence unit 'default'
2023-07-15T20:47:34.167+07:00  INFO 11892 --- [Thread-11] com.zaxxer.hikari.HikariDataSource       : HikariPool-3 - Shutdown initiated...
2023-07-15T20:47:34.173+07:00  INFO 11892 --- [Thread-11] com.zaxxer.hikari.HikariDataSource       : HikariPool-3 - Shutdown completed.
2023-07-15T20:47:34.243+07:00  INFO 11892 --- [restartedMain] c.shopme.admin.ShopmeBackEndApplication  : Starting ShopmeBackEndApplication using Java 17.0.4.1 with PID 11892 (E:\JavaSpri2\ShopmeProject\ShopmeWebParent\ShopmeBackEnd\target\classes started by ASUS in E:\JavaSpri2\ShopmeProject\ShopmeWebParent\ShopmeBackEnd)
2023-07-15T20:47:34.243+07:00  INFO 11892 --- [restartedMain] c.shopme.admin.ShopmeBackEndApplication  : No active profile set, falling back to 1 default profile: "default"
2023-07-15T20:47:34.374+07:00  INFO 11892 --- [restartedMain] .s.d.r.c.RepositoryConfigurationDelegate : Bootstrapping Spring Data JPA repositories in DEFAULT mode.
2023-07-15T20:47:34.381+07:00  INFO 11892 --- [restartedMain] .s.d.r.c.RepositoryConfigurationDelegate : Finished Spring Data repository scanning in 7 ms. Found 2 JPA repository interfaces.
2023-07-15T20:47:34.474+07:00  INFO 11892 --- [restartedMain] o.s.b.w.embedded.tomcat.TomcatWebServer  : Tomcat initialized with port(s): 8080 (http)
2023-07-15T20:47:34.475+07:00  INFO 11892 --- [restartedMain] o.apache.catalina.core.StandardService   : Starting service [Tomcat]
2023-07-15T20:47:34.475+07:00  INFO 11892 --- [restartedMain] o.apache.catalina.core.StandardEngine    : Starting Servlet engine: [Apache Tomcat/10.1.10]
2023-07-15T20:47:34.496+07:00  INFO 11892 --- [restartedMain] o.a.c.c.C.[.[localhost].[/ShopmeAdmin]   : Initializing Spring embedded WebApplicationContext
2023-07-15T20:47:34.496+07:00  INFO 11892 --- [restartedMain] w.s.c.ServletWebServerApplicationContext : Root WebApplicationContext: initialization completed in 252 ms
2023-07-15T20:47:34.541+07:00  INFO 11892 --- [restartedMain] o.hibernate.jpa.internal.util.LogHelper  : HHH000204: Processing PersistenceUnitInfo [name: default]
2023-07-15T20:47:34.546+07:00  INFO 11892 --- [restartedMain] o.h.b.i.BytecodeProviderInitiator        : HHH000021: Bytecode provider name : bytebuddy
2023-07-15T20:47:34.546+07:00  INFO 11892 --- [restartedMain] o.s.o.j.p.SpringPersistenceUnitInfo      : No LoadTimeWeaver setup: ignoring JPA class transformer
2023-07-15T20:47:34.546+07:00  INFO 11892 --- [restartedMain] com.zaxxer.hikari.HikariDataSource       : HikariPool-4 - Starting...
2023-07-15T20:47:34.569+07:00  INFO 11892 --- [restartedMain] com.zaxxer.hikari.pool.HikariPool        : HikariPool-4 - Added connection com.mysql.cj.jdbc.ConnectionImpl@8054591
2023-07-15T20:47:34.570+07:00  INFO 11892 --- [restartedMain] com.zaxxer.hikari.HikariDataSource       : HikariPool-4 - Start completed.
2023-07-15T20:47:34.570+07:00  WARN 11892 --- [restartedMain] org.hibernate.orm.deprecation            : HHH90000026: MySQL8Dialect has been deprecated; use org.hibernate.dialect.MySQLDialect instead
2023-07-15T20:47:34.579+07:00  INFO 11892 --- [restartedMain] o.h.b.i.BytecodeProviderInitiator        : HHH000021: Bytecode provider name : bytebuddy
2023-07-15T20:47:34.608+07:00  INFO 11892 --- [restartedMain] o.h.e.t.j.p.i.JtaPlatformInitiator       : HHH000490: Using JtaPlatform implementation: [org.hibernate.engine.transaction.jta.platform.internal.NoJtaPlatform]
2023-07-15T20:47:34.632+07:00  INFO 11892 --- [restartedMain] j.LocalContainerEntityManagerFactoryBean : Initialized JPA EntityManagerFactory for persistence unit 'default'
2023-07-15T20:47:34.706+07:00  WARN 11892 --- [restartedMain] JpaBaseConfiguration$JpaWebConfiguration : spring.jpa.open-in-view is enabled by default. Therefore, database queries may be performed during view rendering. Explicitly configure spring.jpa.open-in-view to disable this warning
2023-07-15T20:47:34.725+07:00  INFO 11892 --- [restartedMain] o.s.b.a.w.s.WelcomePageHandlerMapping    : Adding welcome page template: index
2023-07-15T20:47:34.982+07:00  INFO 11892 --- [restartedMain] o.s.s.web.DefaultSecurityFilterChain     : Will secure any request with [org.springframework.security.web.session.DisableEncodeUrlFilter@48e0ec67, org.springframework.security.web.context.request.async.WebAsyncManagerIntegrationFilter@333b768d, org.springframework.security.web.context.SecurityContextHolderFilter@6d16196d, org.springframework.security.web.header.HeaderWriterFilter@7dc5d540, org.springframework.security.web.csrf.CsrfFilter@6dd8943b, org.springframework.security.web.authentication.logout.LogoutFilter@f6609c6, org.springframework.security.web.authentication.UsernamePasswordAuthenticationFilter@4c879b33, org.springframework.security.web.savedrequest.RequestCacheAwareFilter@444631b8, org.springframework.security.web.servletapi.SecurityContextHolderAwareRequestFilter@1da1528, org.springframework.security.web.authentication.rememberme.RememberMeAuthenticationFilter@7310935c, org.springframework.security.web.authentication.AnonymousAuthenticationFilter@43952dda, org.springframework.security.web.access.ExceptionTranslationFilter@75b60dfd, org.springframework.security.web.access.intercept.AuthorizationFilter@2b7a0b55]
2023-07-15T20:47:34.985+07:00  WARN 11892 --- [restartedMain] o.s.s.c.a.web.builders.WebSecurity       : You are asking Spring Security to ignore Mvc [pattern='/images/**']. This is not recommended -- please use permitAll via HttpSecurity#authorizeHttpRequests instead.
2023-07-15T20:47:34.986+07:00  INFO 11892 --- [restartedMain] o.s.s.web.DefaultSecurityFilterChain     : Will not secure Mvc [pattern='/images/**']
2023-07-15T20:47:34.986+07:00  WARN 11892 --- [restartedMain] o.s.s.c.a.web.builders.WebSecurity       : You are asking Spring Security to ignore Mvc [pattern='/js/**']. This is not recommended -- please use permitAll via HttpSecurity#authorizeHttpRequests instead.
2023-07-15T20:47:34.986+07:00  INFO 11892 --- [restartedMain] o.s.s.web.DefaultSecurityFilterChain     : Will not secure Mvc [pattern='/js/**']
2023-07-15T20:47:34.986+07:00  WARN 11892 --- [restartedMain] o.s.s.c.a.web.builders.WebSecurity       : You are asking Spring Security to ignore Mvc [pattern='/webjars/**']. This is not recommended -- please use permitAll via HttpSecurity#authorizeHttpRequests instead.
2023-07-15T20:47:34.986+07:00  INFO 11892 --- [restartedMain] o.s.s.web.DefaultSecurityFilterChain     : Will not secure Mvc [pattern='/webjars/**']
2023-07-15T20:47:35.032+07:00  INFO 11892 --- [restartedMain] o.s.b.d.a.OptionalLiveReloadServer       : LiveReload server is running on port 35729
2023-07-15T20:47:35.046+07:00  INFO 11892 --- [restartedMain] o.s.b.w.embedded.tomcat.TomcatWebServer  : Tomcat started on port(s): 8080 (http) with context path '/ShopmeAdmin'
2023-07-15T20:47:35.050+07:00  INFO 11892 --- [restartedMain] c.shopme.admin.ShopmeBackEndApplication  : Started ShopmeBackEndApplication in 0.83 seconds (process running for 454.53)
2023-07-15T20:47:35.053+07:00  INFO 11892 --- [restartedMain] .ConditionEvaluationDeltaLoggingListener : Condition evaluation unchanged
2023-07-15T20:47:51.248+07:00  INFO 11892 --- [RMI TCP Connection(25)-127.0.0.1] inMXBeanRegistrar$SpringApplicationAdmin : Application shutdown requested.
2023-07-15T20:47:51.260+07:00  INFO 11892 --- [RMI TCP Connection(25)-127.0.0.1] o.apache.catalina.core.StandardService   : Stopping service [Tomcat]
2023-07-15T20:47:51.264+07:00  INFO 11892 --- [RMI TCP Connection(25)-127.0.0.1] j.LocalContainerEntityManagerFactoryBean : Closing JPA EntityManagerFactory for persistence unit 'default'
2023-07-15T20:47:51.265+07:00  INFO 11892 --- [RMI TCP Connection(25)-127.0.0.1] com.zaxxer.hikari.HikariDataSource       : HikariPool-4 - Shutdown initiated...
2023-07-15T20:47:51.270+07:00  INFO 11892 --- [RMI TCP Connection(25)-127.0.0.1] com.zaxxer.hikari.HikariDataSource       : HikariPool-4 - Shutdown completed.
2023-07-15T20:47:53.428+07:00  INFO 17764 --- [restartedMain] c.shopme.admin.ShopmeBackEndApplication  : Starting ShopmeBackEndApplication using Java 17.0.4.1 with PID 17764 (E:\JavaSpri2\ShopmeProject\ShopmeWebParent\ShopmeBackEnd\target\classes started by ASUS in E:\JavaSpri2\ShopmeProject\ShopmeWebParent\ShopmeBackEnd)
2023-07-15T20:47:53.431+07:00  INFO 17764 --- [restartedMain] c.shopme.admin.ShopmeBackEndApplication  : No active profile set, falling back to 1 default profile: "default"
2023-07-15T20:47:53.491+07:00  INFO 17764 --- [restartedMain] .e.DevToolsPropertyDefaultsPostProcessor : Devtools property defaults active! Set 'spring.devtools.add-properties' to 'false' to disable
2023-07-15T20:47:53.491+07:00  INFO 17764 --- [restartedMain] .e.DevToolsPropertyDefaultsPostProcessor : For additional web related logging consider setting the 'logging.level.web' property to 'DEBUG'
2023-07-15T20:47:54.081+07:00  INFO 17764 --- [restartedMain] .s.d.r.c.RepositoryConfigurationDelegate : Bootstrapping Spring Data JPA repositories in DEFAULT mode.
2023-07-15T20:47:54.142+07:00  INFO 17764 --- [restartedMain] .s.d.r.c.RepositoryConfigurationDelegate : Finished Spring Data repository scanning in 54 ms. Found 2 JPA repository interfaces.
2023-07-15T20:47:54.765+07:00  INFO 17764 --- [restartedMain] o.s.b.w.embedded.tomcat.TomcatWebServer  : Tomcat initialized with port(s): 8080 (http)
2023-07-15T20:47:54.775+07:00  INFO 17764 --- [restartedMain] o.apache.catalina.core.StandardService   : Starting service [Tomcat]
2023-07-15T20:47:54.775+07:00  INFO 17764 --- [restartedMain] o.apache.catalina.core.StandardEngine    : Starting Servlet engine: [Apache Tomcat/10.1.10]
2023-07-15T20:47:54.848+07:00  INFO 17764 --- [restartedMain] o.a.c.c.C.[.[localhost].[/ShopmeAdmin]   : Initializing Spring embedded WebApplicationContext
2023-07-15T20:47:54.849+07:00  INFO 17764 --- [restartedMain] w.s.c.ServletWebServerApplicationContext : Root WebApplicationContext: initialization completed in 1356 ms
2023-07-15T20:47:55.031+07:00  INFO 17764 --- [restartedMain] o.hibernate.jpa.internal.util.LogHelper  : HHH000204: Processing PersistenceUnitInfo [name: default]
2023-07-15T20:47:55.091+07:00  INFO 17764 --- [restartedMain] org.hibernate.Version                    : HHH000412: Hibernate ORM core version 6.2.5.Final
2023-07-15T20:47:55.094+07:00  INFO 17764 --- [restartedMain] org.hibernate.cfg.Environment            : HHH000406: Using bytecode reflection optimizer
2023-07-15T20:47:55.245+07:00  INFO 17764 --- [restartedMain] o.h.b.i.BytecodeProviderInitiator        : HHH000021: Bytecode provider name : bytebuddy
2023-07-15T20:47:55.380+07:00  INFO 17764 --- [restartedMain] o.s.o.j.p.SpringPersistenceUnitInfo      : No LoadTimeWeaver setup: ignoring JPA class transformer
2023-07-15T20:47:55.394+07:00  INFO 17764 --- [restartedMain] com.zaxxer.hikari.HikariDataSource       : HikariPool-1 - Starting...
2023-07-15T20:47:55.698+07:00  INFO 17764 --- [restartedMain] com.zaxxer.hikari.pool.HikariPool        : HikariPool-1 - Added connection com.mysql.cj.jdbc.ConnectionImpl@53d31ba4
2023-07-15T20:47:55.700+07:00  INFO 17764 --- [restartedMain] com.zaxxer.hikari.HikariDataSource       : HikariPool-1 - Start completed.
2023-07-15T20:47:55.747+07:00  WARN 17764 --- [restartedMain] org.hibernate.orm.deprecation            : HHH90000026: MySQL8Dialect has been deprecated; use org.hibernate.dialect.MySQLDialect instead
2023-07-15T20:47:56.005+07:00  INFO 17764 --- [restartedMain] o.h.b.i.BytecodeProviderInitiator        : HHH000021: Bytecode provider name : bytebuddy
2023-07-15T20:47:56.648+07:00  INFO 17764 --- [restartedMain] o.h.e.t.j.p.i.JtaPlatformInitiator       : HHH000490: Using JtaPlatform implementation: [org.hibernate.engine.transaction.jta.platform.internal.NoJtaPlatform]
2023-07-15T20:47:56.727+07:00  INFO 17764 --- [restartedMain] j.LocalContainerEntityManagerFactoryBean : Initialized JPA EntityManagerFactory for persistence unit 'default'
2023-07-15T20:47:56.996+07:00  INFO 17764 --- [restartedMain] o.s.d.j.r.query.QueryEnhancerFactory     : Hibernate is in classpath; If applicable, HQL parser will be used.
2023-07-15T20:47:57.484+07:00  WARN 17764 --- [restartedMain] JpaBaseConfiguration$JpaWebConfiguration : spring.jpa.open-in-view is enabled by default. Therefore, database queries may be performed during view rendering. Explicitly configure spring.jpa.open-in-view to disable this warning
2023-07-15T20:47:57.581+07:00  INFO 17764 --- [restartedMain] o.s.b.a.w.s.WelcomePageHandlerMapping    : Adding welcome page template: index
2023-07-15T20:47:58.010+07:00  INFO 17764 --- [restartedMain] o.s.s.web.DefaultSecurityFilterChain     : Will secure any request with [org.springframework.security.web.session.DisableEncodeUrlFilter@ea80556, org.springframework.security.web.context.request.async.WebAsyncManagerIntegrationFilter@316b599, org.springframework.security.web.context.SecurityContextHolderFilter@27c87dfc, org.springframework.security.web.header.HeaderWriterFilter@59a0f3df, org.springframework.security.web.csrf.CsrfFilter@1e3ad1c4, org.springframework.security.web.authentication.logout.LogoutFilter@55e63119, org.springframework.security.web.authentication.UsernamePasswordAuthenticationFilter@ad0978, org.springframework.security.web.savedrequest.RequestCacheAwareFilter@5c9c15e0, org.springframework.security.web.servletapi.SecurityContextHolderAwareRequestFilter@66e34950, org.springframework.security.web.authentication.rememberme.RememberMeAuthenticationFilter@7f2d7f5d, org.springframework.security.web.authentication.AnonymousAuthenticationFilter@1755e531, org.springframework.security.web.access.ExceptionTranslationFilter@1975cf77, org.springframework.security.web.access.intercept.AuthorizationFilter@4b5859c]
2023-07-15T20:47:58.014+07:00  WARN 17764 --- [restartedMain] o.s.s.c.a.web.builders.WebSecurity       : You are asking Spring Security to ignore Mvc [pattern='/images/**']. This is not recommended -- please use permitAll via HttpSecurity#authorizeHttpRequests instead.
2023-07-15T20:47:58.014+07:00  INFO 17764 --- [restartedMain] o.s.s.web.DefaultSecurityFilterChain     : Will not secure Mvc [pattern='/images/**']
2023-07-15T20:47:58.015+07:00  WARN 17764 --- [restartedMain] o.s.s.c.a.web.builders.WebSecurity       : You are asking Spring Security to ignore Mvc [pattern='/js/**']. This is not recommended -- please use permitAll via HttpSecurity#authorizeHttpRequests instead.
2023-07-15T20:47:58.015+07:00  INFO 17764 --- [restartedMain] o.s.s.web.DefaultSecurityFilterChain     : Will not secure Mvc [pattern='/js/**']
2023-07-15T20:47:58.015+07:00  WARN 17764 --- [restartedMain] o.s.s.c.a.web.builders.WebSecurity       : You are asking Spring Security to ignore Mvc [pattern='/webjars/**']. This is not recommended -- please use permitAll via HttpSecurity#authorizeHttpRequests instead.
2023-07-15T20:47:58.015+07:00  INFO 17764 --- [restartedMain] o.s.s.web.DefaultSecurityFilterChain     : Will not secure Mvc [pattern='/webjars/**']
2023-07-15T20:47:58.204+07:00  INFO 17764 --- [restartedMain] o.s.b.d.a.OptionalLiveReloadServer       : LiveReload server is running on port 35729
2023-07-15T20:47:58.252+07:00  INFO 17764 --- [restartedMain] o.s.b.w.embedded.tomcat.TomcatWebServer  : Tomcat started on port(s): 8080 (http) with context path '/ShopmeAdmin'
2023-07-15T20:47:58.262+07:00  INFO 17764 --- [restartedMain] c.shopme.admin.ShopmeBackEndApplication  : Started ShopmeBackEndApplication in 5.264 seconds (process running for 6.023)
2023-07-15T20:48:16.440+07:00  INFO 17764 --- [http-nio-8080-exec-1] o.a.c.c.C.[.[localhost].[/ShopmeAdmin]   : Initializing Spring DispatcherServlet 'dispatcherServlet'
2023-07-15T20:48:16.441+07:00  INFO 17764 --- [http-nio-8080-exec-1] o.s.web.servlet.DispatcherServlet        : Initializing Servlet 'dispatcherServlet'
2023-07-15T20:48:16.442+07:00  INFO 17764 --- [http-nio-8080-exec-1] o.s.web.servlet.DispatcherServlet        : Completed initialization in 1 ms
2023-07-15T20:48:16.903+07:00  WARN 17764 --- [http-nio-8080-exec-1] actStandardFragmentInsertionTagProcessor : [THYMELEAF][http-nio-8080-exec-1][index] Deprecated unwrapped fragment expression "fragments :: page_head('Home - Shopme Admin')" found in template index, line 4, col 7. Please use the complete syntax of fragment expressions instead ("~{fragments :: page_head('Home - Shopme Admin')}"). The old, unwrapped syntax for fragment expressions will be removed in future versions of Thymeleaf.
2023-07-15T20:48:17.026+07:00  WARN 17764 --- [http-nio-8080-exec-1] actStandardFragmentInsertionTagProcessor : [THYMELEAF][http-nio-8080-exec-1][index] Deprecated unwrapped fragment expression "navigation :: nemu" found in template index, line 7, col 8. Please use the complete syntax of fragment expressions instead ("~{navigation :: nemu}"). The old, unwrapped syntax for fragment expressions will be removed in future versions of Thymeleaf.
2023-07-15T20:48:17.084+07:00  WARN 17764 --- [http-nio-8080-exec-1] actStandardFragmentInsertionTagProcessor : [THYMELEAF][http-nio-8080-exec-1][index] Deprecated unwrapped fragment expression "fragments ::  footer" found in template index, line 18, col 8. Please use the complete syntax of fragment expressions instead ("~{fragments ::  footer}"). The old, unwrapped syntax for fragment expressions will be removed in future versions of Thymeleaf.
2023-07-15T20:48:56.669+07:00  WARN 17764 --- [http-nio-8080-exec-10] actStandardFragmentInsertionTagProcessor : [THYMELEAF][http-nio-8080-exec-10][index] Deprecated unwrapped fragment expression "fragments :: page_head('Home - Shopme Admin')" found in template index, line 4, col 7. Please use the complete syntax of fragment expressions instead ("~{fragments :: page_head('Home - Shopme Admin')}"). The old, unwrapped syntax for fragment expressions will be removed in future versions of Thymeleaf.
2023-07-15T20:48:56.673+07:00  WARN 17764 --- [http-nio-8080-exec-10] actStandardFragmentInsertionTagProcessor : [THYMELEAF][http-nio-8080-exec-10][index] Deprecated unwrapped fragment expression "navigation :: nemu" found in template index, line 7, col 8. Please use the complete syntax of fragment expressions instead ("~{navigation :: nemu}"). The old, unwrapped syntax for fragment expressions will be removed in future versions of Thymeleaf.
2023-07-15T20:48:56.706+07:00  WARN 17764 --- [http-nio-8080-exec-10] actStandardFragmentInsertionTagProcessor : [THYMELEAF][http-nio-8080-exec-10][index] Deprecated unwrapped fragment expression "fragments ::  footer" found in template index, line 18, col 8. Please use the complete syntax of fragment expressions instead ("~{fragments ::  footer}"). The old, unwrapped syntax for fragment expressions will be removed in future versions of Thymeleaf.
2023-07-15T20:49:07.110+07:00  WARN 17764 --- [http-nio-8080-exec-6] actStandardFragmentInsertionTagProcessor : [THYMELEAF][http-nio-8080-exec-6][users/users] Deprecated unwrapped fragment expression "fragments :: page_head('Users - Shopme Admin')" found in template users/users, line 3, col 7. Please use the complete syntax of fragment expressions instead ("~{fragments :: page_head('Users - Shopme Admin')}"). The old, unwrapped syntax for fragment expressions will be removed in future versions of Thymeleaf.
2023-07-15T20:49:07.118+07:00  WARN 17764 --- [http-nio-8080-exec-6] actStandardFragmentInsertionTagProcessor : [THYMELEAF][http-nio-8080-exec-6][users/users] Deprecated unwrapped fragment expression "navigation :: nemu" found in template users/users, line 7, col 8. Please use the complete syntax of fragment expressions instead ("~{navigation :: nemu}"). The old, unwrapped syntax for fragment expressions will be removed in future versions of Thymeleaf.
2023-07-15T20:49:07.159+07:00  WARN 17764 --- [http-nio-8080-exec-6] actStandardFragmentInsertionTagProcessor : [THYMELEAF][http-nio-8080-exec-6][users/users] Deprecated unwrapped fragment expression "fragments :: column_link('id', 'User ID','tag')" found in template users/users, line 45, col 11. Please use the complete syntax of fragment expressions instead ("~{fragments :: column_link('id', 'User ID','tag')}"). The old, unwrapped syntax for fragment expressions will be removed in future versions of Thymeleaf.
2023-07-15T20:49:07.171+07:00  WARN 17764 --- [http-nio-8080-exec-6] actStandardFragmentInsertionTagProcessor : [THYMELEAF][http-nio-8080-exec-6][users/users] Deprecated unwrapped fragment expression "fragments :: column_link('email', 'E-mail','tag')" found in template users/users, line 49, col 11. Please use the complete syntax of fragment expressions instead ("~{fragments :: column_link('email', 'E-mail','tag')}"). The old, unwrapped syntax for fragment expressions will be removed in future versions of Thymeleaf.
2023-07-15T20:49:07.174+07:00  WARN 17764 --- [http-nio-8080-exec-6] actStandardFragmentInsertionTagProcessor : [THYMELEAF][http-nio-8080-exec-6][users/users] Deprecated unwrapped fragment expression "fragments :: column_link('firstName', 'First Name','none')" found in template users/users, line 51, col 11. Please use the complete syntax of fragment expressions instead ("~{fragments :: column_link('firstName', 'First Name','none')}"). The old, unwrapped syntax for fragment expressions will be removed in future versions of Thymeleaf.
2023-07-15T20:49:07.177+07:00  WARN 17764 --- [http-nio-8080-exec-6] actStandardFragmentInsertionTagProcessor : [THYMELEAF][http-nio-8080-exec-6][users/users] Deprecated unwrapped fragment expression "fragments :: column_link('lastName', 'Last Name',,'none')" found in template users/users, line 53, col 11. Please use the complete syntax of fragment expressions instead ("~{fragments :: column_link('lastName', 'Last Name',,'none')}"). The old, unwrapped syntax for fragment expressions will be removed in future versions of Thymeleaf.
2023-07-15T20:49:07.181+07:00  WARN 17764 --- [http-nio-8080-exec-6] actStandardFragmentInsertionTagProcessor : [THYMELEAF][http-nio-8080-exec-6][users/users] Deprecated unwrapped fragment expression "fragments :: column_link('enabled', 'Enabled','none')" found in template users/users, line 57, col 11. Please use the complete syntax of fragment expressions instead ("~{fragments :: column_link('enabled', 'Enabled','none')}"). The old, unwrapped syntax for fragment expressions will be removed in future versions of Thymeleaf.
2023-07-15T20:49:07.224+07:00  WARN 17764 --- [http-nio-8080-exec-6] actStandardFragmentInsertionTagProcessor : [THYMELEAF][http-nio-8080-exec-6][users/users] Deprecated unwrapped fragment expression "fragments :: page_link(1,'First')" found in template users/users, line 160, col 9. Please use the complete syntax of fragment expressions instead ("~{fragments :: page_link(1,'First')}"). The old, unwrapped syntax for fragment expressions will be removed in future versions of Thymeleaf.
2023-07-15T20:49:07.228+07:00  WARN 17764 --- [http-nio-8080-exec-6] actStandardFragmentInsertionTagProcessor : [THYMELEAF][http-nio-8080-exec-6][users/users] Deprecated unwrapped fragment expression "fragments :: page_link(${currentPage},'Previous')" found in template users/users, line 163, col 9. Please use the complete syntax of fragment expressions instead ("~{fragments :: page_link(${currentPage},'Previous')}"). The old, unwrapped syntax for fragment expressions will be removed in future versions of Thymeleaf.
2023-07-15T20:49:07.236+07:00  WARN 17764 --- [http-nio-8080-exec-6] actStandardFragmentInsertionTagProcessor : [THYMELEAF][http-nio-8080-exec-6][users/users] Deprecated unwrapped fragment expression "fragments :: page_link(${i},${i})" found in template users/users, line 167, col 9. Please use the complete syntax of fragment expressions instead ("~{fragments :: page_link(${i},${i})}"). The old, unwrapped syntax for fragment expressions will be removed in future versions of Thymeleaf.
2023-07-15T20:49:07.238+07:00  WARN 17764 --- [http-nio-8080-exec-6] actStandardFragmentInsertionTagProcessor : [THYMELEAF][http-nio-8080-exec-6][users/users] Deprecated unwrapped fragment expression "fragments :: page_link(${i},${i})" found in template users/users, line 167, col 9. Please use the complete syntax of fragment expressions instead ("~{fragments :: page_link(${i},${i})}"). The old, unwrapped syntax for fragment expressions will be removed in future versions of Thymeleaf.
2023-07-15T20:49:07.240+07:00  WARN 17764 --- [http-nio-8080-exec-6] actStandardFragmentInsertionTagProcessor : [THYMELEAF][http-nio-8080-exec-6][users/users] Deprecated unwrapped fragment expression "fragments :: page_link(${i},${i})" found in template users/users, line 167, col 9. Please use the complete syntax of fragment expressions instead ("~{fragments :: page_link(${i},${i})}"). The old, unwrapped syntax for fragment expressions will be removed in future versions of Thymeleaf.
2023-07-15T20:49:07.242+07:00  WARN 17764 --- [http-nio-8080-exec-6] actStandardFragmentInsertionTagProcessor : [THYMELEAF][http-nio-8080-exec-6][users/users] Deprecated unwrapped fragment expression "fragments :: page_link(${i},${i})" found in template users/users, line 167, col 9. Please use the complete syntax of fragment expressions instead ("~{fragments :: page_link(${i},${i})}"). The old, unwrapped syntax for fragment expressions will be removed in future versions of Thymeleaf.
2023-07-15T20:49:07.244+07:00  WARN 17764 --- [http-nio-8080-exec-6] actStandardFragmentInsertionTagProcessor : [THYMELEAF][http-nio-8080-exec-6][users/users] Deprecated unwrapped fragment expression "fragments :: page_link(${i},${i})" found in template users/users, line 167, col 9. Please use the complete syntax of fragment expressions instead ("~{fragments :: page_link(${i},${i})}"). The old, unwrapped syntax for fragment expressions will be removed in future versions of Thymeleaf.
2023-07-15T20:49:07.246+07:00  WARN 17764 --- [http-nio-8080-exec-6] actStandardFragmentInsertionTagProcessor : [THYMELEAF][http-nio-8080-exec-6][users/users] Deprecated unwrapped fragment expression "fragments :: page_link(${i},${i})" found in template users/users, line 167, col 9. Please use the complete syntax of fragment expressions instead ("~{fragments :: page_link(${i},${i})}"). The old, unwrapped syntax for fragment expressions will be removed in future versions of Thymeleaf.
2023-07-15T20:49:07.251+07:00  WARN 17764 --- [http-nio-8080-exec-6] actStandardFragmentInsertionTagProcessor : [THYMELEAF][http-nio-8080-exec-6][users/users] Deprecated unwrapped fragment expression "fragments :: page_link(${i},${i})" found in template users/users, line 167, col 9. Please use the complete syntax of fragment expressions instead ("~{fragments :: page_link(${i},${i})}"). The old, unwrapped syntax for fragment expressions will be removed in future versions of Thymeleaf.
2023-07-15T20:49:07.256+07:00  WARN 17764 --- [http-nio-8080-exec-6] actStandardFragmentInsertionTagProcessor : [THYMELEAF][http-nio-8080-exec-6][users/users] Deprecated unwrapped fragment expression "fragments :: page_link(${currentPage + 1},'Next')" found in template users/users, line 171, col 9. Please use the complete syntax of fragment expressions instead ("~{fragments :: page_link(${currentPage + 1},'Next')}"). The old, unwrapped syntax for fragment expressions will be removed in future versions of Thymeleaf.
2023-07-15T20:49:07.260+07:00  WARN 17764 --- [http-nio-8080-exec-6] actStandardFragmentInsertionTagProcessor : [THYMELEAF][http-nio-8080-exec-6][users/users] Deprecated unwrapped fragment expression "fragments :: page_link(${totalPages},'Last')" found in template users/users, line 174, col 9. Please use the complete syntax of fragment expressions instead ("~{fragments :: page_link(${totalPages},'Last')}"). The old, unwrapped syntax for fragment expressions will be removed in future versions of Thymeleaf.
2023-07-15T20:49:07.262+07:00  WARN 17764 --- [http-nio-8080-exec-6] actStandardFragmentInsertionTagProcessor : [THYMELEAF][http-nio-8080-exec-6][users/users] Deprecated unwrapped fragment expression "fragments :: footer" found in template users/users, line 200, col 8. Please use the complete syntax of fragment expressions instead ("~{fragments :: footer}"). The old, unwrapped syntax for fragment expressions will be removed in future versions of Thymeleaf.
2023-07-15T20:49:08.373+07:00  WARN 17764 --- [http-nio-8080-exec-5] actStandardFragmentInsertionTagProcessor : [THYMELEAF][http-nio-8080-exec-5][users/user_form] Deprecated unwrapped fragment expression "fragments :: page_head(${pageTitle})" found in template users/user_form, line 3, col 7. Please use the complete syntax of fragment expressions instead ("~{fragments :: page_head(${pageTitle})}"). The old, unwrapped syntax for fragment expressions will be removed in future versions of Thymeleaf.
2023-07-15T20:49:08.378+07:00  WARN 17764 --- [http-nio-8080-exec-5] actStandardFragmentInsertionTagProcessor : [THYMELEAF][http-nio-8080-exec-5][users/user_form] Deprecated unwrapped fragment expression "navigation :: nemu" found in template users/user_form, line 7, col 9. Please use the complete syntax of fragment expressions instead ("~{navigation :: nemu}"). The old, unwrapped syntax for fragment expressions will be removed in future versions of Thymeleaf.
2023-07-15T20:49:08.454+07:00  WARN 17764 --- [http-nio-8080-exec-5] actStandardFragmentInsertionTagProcessor : [THYMELEAF][http-nio-8080-exec-5][users/user_form] Deprecated unwrapped fragment expression "fragments :: footer" found in template users/user_form, line 106, col 8. Please use the complete syntax of fragment expressions instead ("~{fragments :: footer}"). The old, unwrapped syntax for fragment expressions will be removed in future versions of Thymeleaf.
2023-07-15T20:50:06.312+07:00 ERROR 17764 --- [http-nio-8080-exec-2] com.shopme.admin.FileUploadUntil         : Could not list directory: user-photos\30
2023-07-15T20:50:06.362+07:00  WARN 17764 --- [http-nio-8080-exec-2] actStandardFragmentInsertionTagProcessor : [THYMELEAF][http-nio-8080-exec-2][users/users] Deprecated unwrapped fragment expression "fragments :: page_head('Users - Shopme Admin')" found in template users/users, line 3, col 7. Please use the complete syntax of fragment expressions instead ("~{fragments :: page_head('Users - Shopme Admin')}"). The old, unwrapped syntax for fragment expressions will be removed in future versions of Thymeleaf.
2023-07-15T20:50:06.366+07:00  WARN 17764 --- [http-nio-8080-exec-2] actStandardFragmentInsertionTagProcessor : [THYMELEAF][http-nio-8080-exec-2][users/users] Deprecated unwrapped fragment expression "navigation :: nemu" found in template users/users, line 7, col 8. Please use the complete syntax of fragment expressions instead ("~{navigation :: nemu}"). The old, unwrapped syntax for fragment expressions will be removed in future versions of Thymeleaf.
2023-07-15T20:50:06.388+07:00  WARN 17764 --- [http-nio-8080-exec-2] actStandardFragmentInsertionTagProcessor : [THYMELEAF][http-nio-8080-exec-2][users/users] Deprecated unwrapped fragment expression "fragments :: column_link('id', 'User ID','tag')" found in template users/users, line 45, col 11. Please use the complete syntax of fragment expressions instead ("~{fragments :: column_link('id', 'User ID','tag')}"). The old, unwrapped syntax for fragment expressions will be removed in future versions of Thymeleaf.
2023-07-15T20:50:06.389+07:00  WARN 17764 --- [http-nio-8080-exec-2] actStandardFragmentInsertionTagProcessor : [THYMELEAF][http-nio-8080-exec-2][users/users] Deprecated unwrapped fragment expression "fragments :: column_link('email', 'E-mail','tag')" found in template users/users, line 49, col 11. Please use the complete syntax of fragment expressions instead ("~{fragments :: column_link('email', 'E-mail','tag')}"). The old, unwrapped syntax for fragment expressions will be removed in future versions of Thymeleaf.
2023-07-15T20:50:06.391+07:00  WARN 17764 --- [http-nio-8080-exec-2] actStandardFragmentInsertionTagProcessor : [THYMELEAF][http-nio-8080-exec-2][users/users] Deprecated unwrapped fragment expression "fragments :: column_link('firstName', 'First Name','none')" found in template users/users, line 51, col 11. Please use the complete syntax of fragment expressions instead ("~{fragments :: column_link('firstName', 'First Name','none')}"). The old, unwrapped syntax for fragment expressions will be removed in future versions of Thymeleaf.
2023-07-15T20:50:06.394+07:00  WARN 17764 --- [http-nio-8080-exec-2] actStandardFragmentInsertionTagProcessor : [THYMELEAF][http-nio-8080-exec-2][users/users] Deprecated unwrapped fragment expression "fragments :: column_link('lastName', 'Last Name',,'none')" found in template users/users, line 53, col 11. Please use the complete syntax of fragment expressions instead ("~{fragments :: column_link('lastName', 'Last Name',,'none')}"). The old, unwrapped syntax for fragment expressions will be removed in future versions of Thymeleaf.
2023-07-15T20:50:06.397+07:00  WARN 17764 --- [http-nio-8080-exec-2] actStandardFragmentInsertionTagProcessor : [THYMELEAF][http-nio-8080-exec-2][users/users] Deprecated unwrapped fragment expression "fragments :: column_link('enabled', 'Enabled','none')" found in template users/users, line 57, col 11. Please use the complete syntax of fragment expressions instead ("~{fragments :: column_link('enabled', 'Enabled','none')}"). The old, unwrapped syntax for fragment expressions will be removed in future versions of Thymeleaf.
2023-07-15T20:50:06.409+07:00  WARN 17764 --- [http-nio-8080-exec-2] actStandardFragmentInsertionTagProcessor : [THYMELEAF][http-nio-8080-exec-2][users/users] Deprecated unwrapped fragment expression "fragments :: footer" found in template users/users, line 200, col 8. Please use the complete syntax of fragment expressions instead ("~{fragments :: footer}"). The old, unwrapped syntax for fragment expressions will be removed in future versions of Thymeleaf.
2023-07-15T21:46:02.168+07:00  INFO 17764 --- [RMI TCP Connection(66)-127.0.0.1] inMXBeanRegistrar$SpringApplicationAdmin : Application shutdown requested.
2023-07-15T21:46:02.263+07:00  INFO 17764 --- [RMI TCP Connection(66)-127.0.0.1] o.apache.catalina.core.StandardService   : Stopping service [Tomcat]
2023-07-15T21:46:02.272+07:00  INFO 17764 --- [RMI TCP Connection(66)-127.0.0.1] o.a.c.c.C.[.[localhost].[/ShopmeAdmin]   : Destroying Spring FrameworkServlet 'dispatcherServlet'
2023-07-15T21:46:02.334+07:00  INFO 17764 --- [RMI TCP Connection(66)-127.0.0.1] j.LocalContainerEntityManagerFactoryBean : Closing JPA EntityManagerFactory for persistence unit 'default'
2023-07-15T21:46:02.365+07:00  INFO 17764 --- [RMI TCP Connection(66)-127.0.0.1] com.zaxxer.hikari.HikariDataSource       : HikariPool-1 - Shutdown initiated...
2023-07-15T21:46:02.378+07:00  INFO 17764 --- [RMI TCP Connection(66)-127.0.0.1] com.zaxxer.hikari.HikariDataSource       : HikariPool-1 - Shutdown completed.
