2023-07-21 10:23:55,969 [Worker-2: Loading available Gradle versions] INFO  o.e.b.c.i.u.g.PublishedGradleVersions - Gradle version information cache is up-to-date. Trying to read.
2023-07-21 10:24:43,400 [Worker-0: Importing Maven projects] INFO  o.e.m.c.i.l.LifecycleMappingFactory - Using org.eclipse.m2e.jdt.JarLifecycleMapping lifecycle mapping for MavenProject: com.shopme:ShopmeFrontEnd:0.0.1-SNAPSHOT @ D:\Java\ShopmeEcommerce\ShopmeEcommerce\ShopmeProject\ShopmeWebParent\ShopmeFrontEnd\pom.xml.
2023-07-21 10:24:43,879 [Worker-0: Importing Maven projects] WARN  o.e.m.c.i.embedder.EclipseLogger - The artifact mysql:mysql-connector-java:jar:8.0.33 has been relocated to com.mysql:mysql-connector-j:jar:8.0.33: MySQL Connector/J artifacts moved to reverse-DNS compliant Maven 2+ coordinates.
2023-07-21 10:24:43,912 [Worker-0: Importing Maven projects] INFO  o.e.m.c.i.p.WorkspaceClassifierResolverManager - Resolving P/ShopmeCommon: com.shopme:ShopmeCommon:0.0.1-SNAPSHOT with classifier  to /ShopmeCommon/target/classes
2023-07-21 10:24:43,970 [Worker-0: Importing Maven projects] INFO  o.e.m.c.i.l.LifecycleMappingFactory - Using org.eclipse.m2e.jdt.JarLifecycleMapping lifecycle mapping for MavenProject: com.shopme:ShopmeCommon:0.0.1-SNAPSHOT @ D:\Java\ShopmeEcommerce\ShopmeEcommerce\ShopmeProject\ShopmeCommon\pom.xml.
2023-07-21 10:24:43,998 [Worker-0: Importing Maven projects] INFO  o.e.m.c.i.l.LifecycleMappingFactory - Using NULL lifecycle mapping for MavenProject: com.shopme:ShopmeWebParent:0.0.1-SNAPSHOT @ D:\Java\ShopmeEcommerce\ShopmeEcommerce\ShopmeProject\ShopmeWebParent\pom.xml.
2023-07-21 10:24:44,017 [Worker-0: Importing Maven projects] WARN  o.e.m.c.i.embedder.EclipseLogger - The artifact mysql:mysql-connector-java:jar:8.0.33 has been relocated to com.mysql:mysql-connector-j:jar:8.0.33: MySQL Connector/J artifacts moved to reverse-DNS compliant Maven 2+ coordinates.
2023-07-21 10:24:44,060 [Worker-0: Importing Maven projects] INFO  o.e.m.c.i.p.WorkspaceClassifierResolverManager - Resolving P/ShopmeCommon: com.shopme:ShopmeCommon:0.0.1-SNAPSHOT with classifier  to /ShopmeCommon/target/classes
2023-07-21 10:24:44,133 [Worker-0: Importing Maven projects] INFO  o.e.m.c.i.l.LifecycleMappingFactory - Using org.eclipse.m2e.jdt.JarLifecycleMapping lifecycle mapping for MavenProject: com.shopme:ShopmeBackEnd:0.0.1-SNAPSHOT @ D:\Java\ShopmeEcommerce\ShopmeEcommerce\ShopmeProject\ShopmeWebParent\ShopmeBackEnd\pom.xml.
2023-07-21 10:24:44,209 [Worker-0: Importing Maven projects] WARN  o.e.m.c.i.embedder.EclipseLogger - The artifact mysql:mysql-connector-java:jar:8.0.33 has been relocated to com.mysql:mysql-connector-j:jar:8.0.33: MySQL Connector/J artifacts moved to reverse-DNS compliant Maven 2+ coordinates.
2023-07-21 10:24:44,248 [Worker-0: Importing Maven projects] INFO  o.e.m.c.i.p.WorkspaceClassifierResolverManager - Resolving P/ShopmeCommon: com.shopme:ShopmeCommon:0.0.1-SNAPSHOT with classifier  to /ShopmeCommon/target/classes
2023-07-21 10:24:44,305 [Worker-0: Importing Maven projects] INFO  o.e.m.c.i.l.LifecycleMappingFactory - Using org.eclipse.m2e.jdt.JarLifecycleMapping lifecycle mapping for MavenProject: com.shopme:ShopmeFrontEnd:0.0.1-SNAPSHOT @ D:\Java\ShopmeEcommerce\ShopmeEcommerce\ShopmeProject\ShopmeWebParent\ShopmeFrontEnd\pom.xml.
2023-07-21 10:24:44,316 [Worker-0: Importing Maven projects] WARN  o.e.m.c.i.embedder.EclipseLogger - The artifact mysql:mysql-connector-java:jar:8.0.33 has been relocated to com.mysql:mysql-connector-j:jar:8.0.33: MySQL Connector/J artifacts moved to reverse-DNS compliant Maven 2+ coordinates.
2023-07-21 10:24:44,358 [Worker-0: Importing Maven projects] INFO  o.e.m.c.i.p.WorkspaceClassifierResolverManager - Resolving P/ShopmeCommon: com.shopme:ShopmeCommon:0.0.1-SNAPSHOT with classifier  to /ShopmeCommon/target/classes
2023-07-21 10:24:46,131 [Worker-0: Importing Maven projects] INFO  o.e.m.j.i.AbstractJavaProjectConfigurator - Adding source folder /ShopmeCommon/src/main/java
2023-07-21 10:24:46,131 [Worker-0: Importing Maven projects] INFO  o.e.m.j.i.AbstractJavaProjectConfigurator - Adding resource folder /ShopmeCommon/src/main/resources
2023-07-21 10:24:46,132 [Worker-0: Importing Maven projects] INFO  o.e.m.j.i.AbstractJavaProjectConfigurator - Adding resource folder /ShopmeCommon/src/main/resources
2023-07-21 10:24:46,132 [Worker-0: Importing Maven projects] INFO  o.e.m.j.i.AbstractJavaProjectConfigurator - Adding source folder /ShopmeCommon/src/test/java
2023-07-21 10:24:46,398 [Worker-0: Importing Maven projects] INFO  o.e.m.j.i.AbstractJavaProjectConfigurator - Adding source folder /ShopmeFrontEnd/src/main/java
2023-07-21 10:24:46,398 [Worker-0: Importing Maven projects] INFO  o.e.m.j.i.AbstractJavaProjectConfigurator - Adding resource folder /ShopmeFrontEnd/src/main/resources
2023-07-21 10:24:46,399 [Worker-0: Importing Maven projects] INFO  o.e.m.j.i.AbstractJavaProjectConfigurator - Adding resource folder /ShopmeFrontEnd/src/main/resources
2023-07-21 10:24:46,399 [Worker-0: Importing Maven projects] INFO  o.e.m.j.i.AbstractJavaProjectConfigurator - Adding source folder /ShopmeFrontEnd/src/test/java
2023-07-21 10:24:47,130 [Worker-0: Importing Maven projects] INFO  o.e.m.j.i.AbstractJavaProjectConfigurator - Adding source folder /ShopmeBackEnd/src/main/java
2023-07-21 10:24:47,131 [Worker-0: Importing Maven projects] INFO  o.e.m.j.i.AbstractJavaProjectConfigurator - Adding resource folder /ShopmeBackEnd/src/main/resources
2023-07-21 10:24:47,132 [Worker-0: Importing Maven projects] INFO  o.e.m.j.i.AbstractJavaProjectConfigurator - Adding resource folder /ShopmeBackEnd/src/main/resources
2023-07-21 10:24:47,134 [Worker-0: Importing Maven projects] INFO  o.e.m.j.i.AbstractJavaProjectConfigurator - Adding source folder /ShopmeBackEnd/src/test/java
2023-07-21 10:24:47,646 [Worker-0: Importing Maven projects] INFO  o.e.m.c.i.p.ProjectConfigurationManager - Imported and configured 4 project(s) in 6 sec
2023-07-21 10:24:48,622 [Worker-1: Building] INFO  o.a.m.s.f.DefaultMavenResourcesFiltering - Copying 1 resource from src\main\resources to target\classes
2023-07-21 10:24:48,649 [Worker-1: Building] INFO  o.a.m.s.f.DefaultMavenResourcesFiltering - Copying 0 resource from src\main\resources to target\classes
2023-07-21 10:24:48,654 [Worker-1: Building] INFO  o.a.m.s.f.DefaultMavenResourcesFiltering - skip non existing resourceDirectory D:\Java\ShopmeEcommerce\ShopmeEcommerce\ShopmeProject\ShopmeCommon\src\test\resources
2023-07-21 10:24:49,190 [Worker-1: Building] INFO  o.a.m.s.f.DefaultMavenResourcesFiltering - Copying 1 resource from src\main\resources to target\classes
2023-07-21 10:24:49,214 [Worker-1: Building] INFO  o.a.m.s.f.DefaultMavenResourcesFiltering - Copying 42 resources from src\main\resources to target\classes
2023-07-21 10:24:49,237 [Worker-1: Building] INFO  o.a.m.s.f.DefaultMavenResourcesFiltering - skip non existing resourceDirectory D:\Java\ShopmeEcommerce\ShopmeEcommerce\ShopmeProject\ShopmeWebParent\ShopmeBackEnd\src\test\resources
2023-07-21 10:24:49,430 [Worker-1: Building] INFO  o.a.m.s.f.DefaultMavenResourcesFiltering - Copying 1 resource from src\main\resources to target\classes
2023-07-21 10:24:49,433 [Worker-1: Building] INFO  o.a.m.s.f.DefaultMavenResourcesFiltering - Copying 1 resource from src\main\resources to target\classes
2023-07-21 10:24:49,442 [Worker-1: Building] INFO  o.a.m.s.f.DefaultMavenResourcesFiltering - skip non existing resourceDirectory D:\Java\ShopmeEcommerce\ShopmeEcommerce\ShopmeProject\ShopmeWebParent\ShopmeFrontEnd\src\test\resources
2023-07-21 10:26:30,312 [Worker-1: Building] INFO  o.a.m.s.f.DefaultMavenResourcesFiltering - Copying 0 resource from src\main\resources to target\classes
2023-07-21 10:26:30,312 [Worker-1: Building] INFO  o.a.m.s.f.DefaultMavenResourcesFiltering - Copying 1 resource from src\main\resources to target\classes
2023-07-21 10:26:30,317 [Worker-1: Building] INFO  o.a.m.s.f.DefaultMavenResourcesFiltering - skip non existing resourceDirectory D:\Java\ShopmeEcommerce\ShopmeEcommerce\ShopmeProject\ShopmeWebParent\ShopmeBackEnd\src\test\resources
2023-07-21 10:26:49,515 [Worker-1: Building] INFO  o.a.m.s.f.DefaultMavenResourcesFiltering - Copying 0 resource from src\main\resources to target\classes
2023-07-21 10:26:49,516 [Worker-1: Building] INFO  o.a.m.s.f.DefaultMavenResourcesFiltering - Copying 1 resource from src\main\resources to target\classes
2023-07-21 10:26:49,521 [Worker-1: Building] INFO  o.a.m.s.f.DefaultMavenResourcesFiltering - skip non existing resourceDirectory D:\Java\ShopmeEcommerce\ShopmeEcommerce\ShopmeProject\ShopmeWebParent\ShopmeBackEnd\src\test\resources
2023-07-21 10:27:28,218 [Worker-14: Building] INFO  o.a.m.s.f.DefaultMavenResourcesFiltering - Copying 0 resource from src\main\resources to target\classes
2023-07-21 10:27:28,218 [Worker-14: Building] INFO  o.a.m.s.f.DefaultMavenResourcesFiltering - Copying 1 resource from src\main\resources to target\classes
2023-07-21 10:27:28,222 [Worker-14: Building] INFO  o.a.m.s.f.DefaultMavenResourcesFiltering - skip non existing resourceDirectory D:\Java\ShopmeEcommerce\ShopmeEcommerce\ShopmeProject\ShopmeWebParent\ShopmeBackEnd\src\test\resources
2023-07-21 10:28:05,203 [Worker-1: Building] INFO  o.a.m.s.f.DefaultMavenResourcesFiltering - Copying 0 resource from src\main\resources to target\classes
2023-07-21 10:28:05,204 [Worker-1: Building] INFO  o.a.m.s.f.DefaultMavenResourcesFiltering - Copying 0 resource from src\main\resources to target\classes
2023-07-21 10:28:05,209 [Worker-1: Building] INFO  o.a.m.s.f.DefaultMavenResourcesFiltering - skip non existing resourceDirectory D:\Java\ShopmeEcommerce\ShopmeEcommerce\ShopmeProject\ShopmeWebParent\ShopmeBackEnd\src\test\resources
2023-07-21 10:28:26,707 [Worker-12: Building] INFO  o.a.m.s.f.DefaultMavenResourcesFiltering - Copying 1 resource from src\main\resources to target\classes
2023-07-21 10:28:26,711 [Worker-12: Building] INFO  o.a.m.s.f.DefaultMavenResourcesFiltering - Copying 42 resources from src\main\resources to target\classes
2023-07-21 10:28:26,801 [Worker-12: Building] INFO  o.a.m.s.f.DefaultMavenResourcesFiltering - skip non existing resourceDirectory D:\Java\ShopmeEcommerce\ShopmeEcommerce\ShopmeProject\ShopmeWebParent\ShopmeBackEnd\src\test\resources
2023-07-21 10:28:36,408 [Worker-1: Launching ShopmeBackEnd - ShopmeBackEndApplication] INFO  o.e.m.c.i.p.WorkspaceClassifierResolverManager - Resolving P/ShopmeCommon: com.shopme:ShopmeCommon:0.0.1-SNAPSHOT with classifier null to /ShopmeCommon/target/classes
2023-07-21 10:28:36,619 [Worker-1: Launching ShopmeBackEnd - ShopmeBackEndApplication] INFO  o.e.m.c.i.p.WorkspaceClassifierResolverManager - Resolving P/ShopmeCommon: com.shopme:ShopmeCommon:0.0.1-SNAPSHOT with classifier null to /ShopmeCommon/target/classes
2023-07-21 10:28:36,788 [Worker-1: Launching ShopmeBackEnd - ShopmeBackEndApplication] INFO  o.e.m.c.i.p.WorkspaceClassifierResolverManager - Resolving P/ShopmeCommon: com.shopme:ShopmeCommon:0.0.1-SNAPSHOT with classifier null to /ShopmeCommon/target/classes
2023-07-21 10:31:31,707 [Worker-16: Building] INFO  o.a.m.s.f.DefaultMavenResourcesFiltering - Copying 0 resource from src\main\resources to target\classes
2023-07-21 10:31:31,707 [Worker-16: Building] INFO  o.a.m.s.f.DefaultMavenResourcesFiltering - Copying 0 resource from src\main\resources to target\classes
2023-07-21 10:31:31,710 [Worker-16: Building] INFO  o.a.m.s.f.DefaultMavenResourcesFiltering - skip non existing resourceDirectory D:\Java\ShopmeEcommerce\ShopmeEcommerce\ShopmeProject\ShopmeCommon\src\test\resources
2023-07-21 10:31:31,729 [Worker-16: Building] INFO  o.a.m.s.f.DefaultMavenResourcesFiltering - Copying 0 resource from src\main\resources to target\classes
2023-07-21 10:31:31,729 [Worker-16: Building] INFO  o.a.m.s.f.DefaultMavenResourcesFiltering - Copying 0 resource from src\main\resources to target\classes
2023-07-21 10:31:31,732 [Worker-16: Building] INFO  o.a.m.s.f.DefaultMavenResourcesFiltering - skip non existing resourceDirectory D:\Java\ShopmeEcommerce\ShopmeEcommerce\ShopmeProject\ShopmeWebParent\ShopmeBackEnd\src\test\resources
2023-07-21 10:31:31,751 [Worker-16: Building] INFO  o.a.m.s.f.DefaultMavenResourcesFiltering - Copying 0 resource from src\main\resources to target\classes
2023-07-21 10:31:31,752 [Worker-16: Building] INFO  o.a.m.s.f.DefaultMavenResourcesFiltering - Copying 0 resource from src\main\resources to target\classes
2023-07-21 10:31:31,755 [Worker-16: Building] INFO  o.a.m.s.f.DefaultMavenResourcesFiltering - skip non existing resourceDirectory D:\Java\ShopmeEcommerce\ShopmeEcommerce\ShopmeProject\ShopmeWebParent\ShopmeFrontEnd\src\test\resources
2023-07-21 10:32:03,695 [Worker-20: Building] INFO  o.a.m.s.f.DefaultMavenResourcesFiltering - Copying 1 resource from src\main\resources to target\classes
2023-07-21 10:32:03,718 [Worker-20: Building] INFO  o.a.m.s.f.DefaultMavenResourcesFiltering - Copying 42 resources from src\main\resources to target\classes
2023-07-21 10:32:03,735 [Worker-20: Building] INFO  o.a.m.s.f.DefaultMavenResourcesFiltering - skip non existing resourceDirectory D:\Java\ShopmeEcommerce\ShopmeEcommerce\ShopmeProject\ShopmeWebParent\ShopmeBackEnd\src\test\resources
2023-07-21 10:32:26,141 [Worker-15: Building] INFO  o.a.m.s.f.DefaultMavenResourcesFiltering - Copying 1 resource from src\main\resources to target\classes
2023-07-21 10:32:26,149 [Worker-15: Building] INFO  o.a.m.s.f.DefaultMavenResourcesFiltering - Copying 42 resources from src\main\resources to target\classes
2023-07-21 10:32:26,160 [Worker-15: Building] INFO  o.a.m.s.f.DefaultMavenResourcesFiltering - skip non existing resourceDirectory D:\Java\ShopmeEcommerce\ShopmeEcommerce\ShopmeProject\ShopmeWebParent\ShopmeBackEnd\src\test\resources
2023-07-21 12:23:47,999 [Worker-20: Building] INFO  o.a.m.s.f.DefaultMavenResourcesFiltering - Copying 1 resource from src\main\resources to target\classes
2023-07-21 12:23:48,005 [Worker-20: Building] INFO  o.a.m.s.f.DefaultMavenResourcesFiltering - Copying 42 resources from src\main\resources to target\classes
2023-07-21 12:23:48,016 [Worker-20: Building] INFO  o.a.m.s.f.DefaultMavenResourcesFiltering - skip non existing resourceDirectory D:\Java\ShopmeEcommerce\ShopmeEcommerce\ShopmeProject\ShopmeWebParent\ShopmeBackEnd\src\test\resources
2023-07-21 12:24:00,502 [Worker-22: Building] INFO  o.a.m.s.f.DefaultMavenResourcesFiltering - Copying 1 resource from src\main\resources to target\classes
2023-07-21 12:24:00,507 [Worker-22: Building] INFO  o.a.m.s.f.DefaultMavenResourcesFiltering - Copying 42 resources from src\main\resources to target\classes
2023-07-21 12:24:00,518 [Worker-22: Building] INFO  o.a.m.s.f.DefaultMavenResourcesFiltering - skip non existing resourceDirectory D:\Java\ShopmeEcommerce\ShopmeEcommerce\ShopmeProject\ShopmeWebParent\ShopmeBackEnd\src\test\resources
2023-07-21 12:28:47,283 [Worker-24: Building] INFO  o.a.m.s.f.DefaultMavenResourcesFiltering - Copying 1 resource from src\main\resources to target\classes
2023-07-21 12:28:47,291 [Worker-24: Building] INFO  o.a.m.s.f.DefaultMavenResourcesFiltering - Copying 42 resources from src\main\resources to target\classes
2023-07-21 12:28:47,306 [Worker-24: Building] INFO  o.a.m.s.f.DefaultMavenResourcesFiltering - skip non existing resourceDirectory D:\Java\ShopmeEcommerce\ShopmeEcommerce\ShopmeProject\ShopmeWebParent\ShopmeBackEnd\src\test\resources
2023-07-21 12:30:35,344 [Worker-26: Launching ShopmeBackEnd - ShopmeBackEndApplication] INFO  o.a.m.s.f.DefaultMavenResourcesFiltering - Copying 1 resource from src\main\resources to target\classes
2023-07-21 12:30:35,353 [Worker-26: Launching ShopmeBackEnd - ShopmeBackEndApplication] INFO  o.a.m.s.f.DefaultMavenResourcesFiltering - Copying 0 resource from src\main\resources to target\classes
2023-07-21 12:30:35,356 [Worker-26: Launching ShopmeBackEnd - ShopmeBackEndApplication] INFO  o.a.m.s.f.DefaultMavenResourcesFiltering - skip non existing resourceDirectory D:\Java\ShopmeEcommerce\ShopmeEcommerce\ShopmeProject\ShopmeCommon\src\test\resources
2023-07-21 12:30:35,599 [Worker-26: Launching ShopmeBackEnd - ShopmeBackEndApplication] INFO  o.e.m.c.i.p.WorkspaceClassifierResolverManager - Resolving P/ShopmeCommon: com.shopme:ShopmeCommon:0.0.1-SNAPSHOT with classifier null to /ShopmeCommon/target/classes
2023-07-21 12:30:35,758 [Worker-26: Launching ShopmeBackEnd - ShopmeBackEndApplication] INFO  o.e.m.c.i.p.WorkspaceClassifierResolverManager - Resolving P/ShopmeCommon: com.shopme:ShopmeCommon:0.0.1-SNAPSHOT with classifier null to /ShopmeCommon/target/classes
2023-07-21 12:30:35,958 [Worker-26: Launching ShopmeBackEnd - ShopmeBackEndApplication] INFO  o.e.m.c.i.p.WorkspaceClassifierResolverManager - Resolving P/ShopmeCommon: com.shopme:ShopmeCommon:0.0.1-SNAPSHOT with classifier null to /ShopmeCommon/target/classes
2023-07-21 12:34:23,479 [Worker-26: Launching ShopmeBackEnd - ShopmeBackEndApplication] INFO  o.e.m.c.i.p.WorkspaceClassifierResolverManager - Resolving P/ShopmeCommon: com.shopme:ShopmeCommon:0.0.1-SNAPSHOT with classifier null to /ShopmeCommon/target/classes
2023-07-21 12:34:23,657 [Worker-26: Launching ShopmeBackEnd - ShopmeBackEndApplication] INFO  o.e.m.c.i.p.WorkspaceClassifierResolverManager - Resolving P/ShopmeCommon: com.shopme:ShopmeCommon:0.0.1-SNAPSHOT with classifier null to /ShopmeCommon/target/classes
2023-07-21 12:34:23,825 [Worker-26: Launching ShopmeBackEnd - ShopmeBackEndApplication] INFO  o.e.m.c.i.p.WorkspaceClassifierResolverManager - Resolving P/ShopmeCommon: com.shopme:ShopmeCommon:0.0.1-SNAPSHOT with classifier null to /ShopmeCommon/target/classes
2023-07-21 12:36:29,815 [Worker-26: Building] INFO  o.a.m.s.f.DefaultMavenResourcesFiltering - Copying 1 resource from src\main\resources to target\classes
2023-07-21 12:36:29,827 [Worker-26: Building] INFO  o.a.m.s.f.DefaultMavenResourcesFiltering - Copying 0 resource from src\main\resources to target\classes
2023-07-21 12:36:29,829 [Worker-26: Building] INFO  o.a.m.s.f.DefaultMavenResourcesFiltering - skip non existing resourceDirectory D:\Java\ShopmeEcommerce\ShopmeEcommerce\ShopmeProject\ShopmeCommon\src\test\resources
2023-07-21 12:36:30,072 [Worker-26: Building] INFO  o.a.m.s.f.DefaultMavenResourcesFiltering - Copying 1 resource from src\main\resources to target\classes
2023-07-21 12:36:30,086 [Worker-26: Building] INFO  o.a.m.s.f.DefaultMavenResourcesFiltering - Copying 42 resources from src\main\resources to target\classes
2023-07-21 12:36:30,101 [Worker-26: Building] INFO  o.a.m.s.f.DefaultMavenResourcesFiltering - skip non existing resourceDirectory D:\Java\ShopmeEcommerce\ShopmeEcommerce\ShopmeProject\ShopmeWebParent\ShopmeBackEnd\src\test\resources
2023-07-21 12:38:31,594 [Worker-1: Building] INFO  o.a.m.s.f.DefaultMavenResourcesFiltering - Copying 1 resource from src\main\resources to target\classes
2023-07-21 12:38:31,598 [Worker-1: Building] INFO  o.a.m.s.f.DefaultMavenResourcesFiltering - Copying 0 resource from src\main\resources to target\classes
2023-07-21 12:38:31,602 [Worker-1: Building] INFO  o.a.m.s.f.DefaultMavenResourcesFiltering - skip non existing resourceDirectory D:\Java\ShopmeEcommerce\ShopmeEcommerce\ShopmeProject\ShopmeCommon\src\test\resources
2023-07-21 12:38:31,745 [Worker-1: Building] INFO  o.a.m.s.f.DefaultMavenResourcesFiltering - Copying 1 resource from src\main\resources to target\classes
2023-07-21 12:38:31,753 [Worker-1: Building] INFO  o.a.m.s.f.DefaultMavenResourcesFiltering - Copying 42 resources from src\main\resources to target\classes
2023-07-21 12:38:31,768 [Worker-1: Building] INFO  o.a.m.s.f.DefaultMavenResourcesFiltering - skip non existing resourceDirectory D:\Java\ShopmeEcommerce\ShopmeEcommerce\ShopmeProject\ShopmeWebParent\ShopmeBackEnd\src\test\resources
2023-07-21 12:39:16,384 [Worker-33: Launching ShopmeBackEnd - ShopmeBackEndApplication] INFO  o.e.m.c.i.p.WorkspaceClassifierResolverManager - Resolving P/ShopmeCommon: com.shopme:ShopmeCommon:0.0.1-SNAPSHOT with classifier null to /ShopmeCommon/target/classes
2023-07-21 12:39:16,546 [Worker-33: Launching ShopmeBackEnd - ShopmeBackEndApplication] INFO  o.e.m.c.i.p.WorkspaceClassifierResolverManager - Resolving P/ShopmeCommon: com.shopme:ShopmeCommon:0.0.1-SNAPSHOT with classifier null to /ShopmeCommon/target/classes
2023-07-21 12:39:16,715 [Worker-33: Launching ShopmeBackEnd - ShopmeBackEndApplication] INFO  o.e.m.c.i.p.WorkspaceClassifierResolverManager - Resolving P/ShopmeCommon: com.shopme:ShopmeCommon:0.0.1-SNAPSHOT with classifier null to /ShopmeCommon/target/classes
2023-07-21 12:41:49,666 [Worker-33: Launching ProductRepositoryTests.testCreateProduct] INFO  o.e.m.c.i.p.WorkspaceClassifierResolverManager - Resolving P/ShopmeCommon: com.shopme:ShopmeCommon:0.0.1-SNAPSHOT with classifier null to /ShopmeCommon/target/classes
2023-07-21 12:41:49,897 [Worker-33: Launching ProductRepositoryTests.testCreateProduct] INFO  o.e.m.c.i.p.WorkspaceClassifierResolverManager - Resolving P/ShopmeCommon: com.shopme:ShopmeCommon:0.0.1-SNAPSHOT with classifier null to /ShopmeCommon/target/classes
2023-07-21 12:42:32,993 [Worker-34: Building] INFO  o.a.m.s.f.DefaultMavenResourcesFiltering - Copying 1 resource from src\main\resources to target\classes
2023-07-21 12:42:32,996 [Worker-34: Building] INFO  o.a.m.s.f.DefaultMavenResourcesFiltering - Copying 0 resource from src\main\resources to target\classes
2023-07-21 12:42:33,000 [Worker-34: Building] INFO  o.a.m.s.f.DefaultMavenResourcesFiltering - skip non existing resourceDirectory D:\Java\ShopmeEcommerce\ShopmeEcommerce\ShopmeProject\ShopmeCommon\src\test\resources
2023-07-21 12:43:22,735 [Worker-40: Building] INFO  o.a.m.s.f.DefaultMavenResourcesFiltering - Copying 1 resource from src\main\resources to target\classes
2023-07-21 12:43:22,737 [Worker-40: Building] INFO  o.a.m.s.f.DefaultMavenResourcesFiltering - Copying 0 resource from src\main\resources to target\classes
2023-07-21 12:43:22,739 [Worker-40: Building] INFO  o.a.m.s.f.DefaultMavenResourcesFiltering - skip non existing resourceDirectory D:\Java\ShopmeEcommerce\ShopmeEcommerce\ShopmeProject\ShopmeCommon\src\test\resources
2023-07-21 12:44:33,533 [Worker-42: Building] INFO  o.a.m.s.f.DefaultMavenResourcesFiltering - Copying 0 resource from src\main\resources to target\classes
2023-07-21 12:44:33,533 [Worker-42: Building] INFO  o.a.m.s.f.DefaultMavenResourcesFiltering - Copying 0 resource from src\main\resources to target\classes
2023-07-21 12:44:33,534 [Worker-42: Building] INFO  o.a.m.s.f.DefaultMavenResourcesFiltering - skip non existing resourceDirectory D:\Java\ShopmeEcommerce\ShopmeEcommerce\ShopmeProject\ShopmeWebParent\ShopmeBackEnd\src\test\resources
2023-07-21 12:44:39,641 [Worker-41: Launching ProductRepositoryTests.testCreateProduct] INFO  o.e.m.c.i.p.WorkspaceClassifierResolverManager - Resolving P/ShopmeCommon: com.shopme:ShopmeCommon:0.0.1-SNAPSHOT with classifier null to /ShopmeCommon/target/classes
2023-07-21 12:44:39,843 [Worker-41: Launching ProductRepositoryTests.testCreateProduct] INFO  o.e.m.c.i.p.WorkspaceClassifierResolverManager - Resolving P/ShopmeCommon: com.shopme:ShopmeCommon:0.0.1-SNAPSHOT with classifier null to /ShopmeCommon/target/classes
2023-07-21 12:45:28,607 [Worker-41: Building] INFO  o.a.m.s.f.DefaultMavenResourcesFiltering - Copying 0 resource from src\main\resources to target\classes
2023-07-21 12:45:28,608 [Worker-41: Building] INFO  o.a.m.s.f.DefaultMavenResourcesFiltering - Copying 0 resource from src\main\resources to target\classes
2023-07-21 12:45:28,610 [Worker-41: Building] INFO  o.a.m.s.f.DefaultMavenResourcesFiltering - skip non existing resourceDirectory D:\Java\ShopmeEcommerce\ShopmeEcommerce\ShopmeProject\ShopmeWebParent\ShopmeBackEnd\src\test\resources
2023-07-21 12:45:33,094 [Worker-41: Launching ProductRepositoryTests.testCreateProduct] INFO  o.e.m.c.i.p.WorkspaceClassifierResolverManager - Resolving P/ShopmeCommon: com.shopme:ShopmeCommon:0.0.1-SNAPSHOT with classifier null to /ShopmeCommon/target/classes
2023-07-21 12:45:33,293 [Worker-41: Launching ProductRepositoryTests.testCreateProduct] INFO  o.e.m.c.i.p.WorkspaceClassifierResolverManager - Resolving P/ShopmeCommon: com.shopme:ShopmeCommon:0.0.1-SNAPSHOT with classifier null to /ShopmeCommon/target/classes
2023-07-21 12:46:46,887 [Worker-42: Building] INFO  o.a.m.s.f.DefaultMavenResourcesFiltering - Copying 0 resource from src\main\resources to target\classes
2023-07-21 12:46:46,888 [Worker-42: Building] INFO  o.a.m.s.f.DefaultMavenResourcesFiltering - Copying 0 resource from src\main\resources to target\classes
2023-07-21 12:46:46,890 [Worker-42: Building] INFO  o.a.m.s.f.DefaultMavenResourcesFiltering - skip non existing resourceDirectory D:\Java\ShopmeEcommerce\ShopmeEcommerce\ShopmeProject\ShopmeWebParent\ShopmeBackEnd\src\test\resources
2023-07-21 12:46:51,223 [Worker-40: Launching ProductRepositoryTests.testCreateProduct] INFO  o.e.m.c.i.p.WorkspaceClassifierResolverManager - Resolving P/ShopmeCommon: com.shopme:ShopmeCommon:0.0.1-SNAPSHOT with classifier null to /ShopmeCommon/target/classes
2023-07-21 12:46:51,415 [Worker-40: Launching ProductRepositoryTests.testCreateProduct] INFO  o.e.m.c.i.p.WorkspaceClassifierResolverManager - Resolving P/ShopmeCommon: com.shopme:ShopmeCommon:0.0.1-SNAPSHOT with classifier null to /ShopmeCommon/target/classes
2023-07-21 12:47:18,590 [Worker-40: Building] INFO  o.a.m.s.f.DefaultMavenResourcesFiltering - Copying 1 resource from src\main\resources to target\classes
2023-07-21 12:47:18,594 [Worker-40: Building] INFO  o.a.m.s.f.DefaultMavenResourcesFiltering - Copying 42 resources from src\main\resources to target\classes
2023-07-21 12:47:18,604 [Worker-40: Building] INFO  o.a.m.s.f.DefaultMavenResourcesFiltering - skip non existing resourceDirectory D:\Java\ShopmeEcommerce\ShopmeEcommerce\ShopmeProject\ShopmeWebParent\ShopmeBackEnd\src\test\resources
2023-07-21 12:47:22,502 [Worker-38: Launching ShopmeBackEnd - ShopmeBackEndApplication] INFO  o.e.m.c.i.p.WorkspaceClassifierResolverManager - Resolving P/ShopmeCommon: com.shopme:ShopmeCommon:0.0.1-SNAPSHOT with classifier null to /ShopmeCommon/target/classes
2023-07-21 12:47:22,663 [Worker-38: Launching ShopmeBackEnd - ShopmeBackEndApplication] INFO  o.e.m.c.i.p.WorkspaceClassifierResolverManager - Resolving P/ShopmeCommon: com.shopme:ShopmeCommon:0.0.1-SNAPSHOT with classifier null to /ShopmeCommon/target/classes
2023-07-21 12:47:22,811 [Worker-38: Launching ShopmeBackEnd - ShopmeBackEndApplication] INFO  o.e.m.c.i.p.WorkspaceClassifierResolverManager - Resolving P/ShopmeCommon: com.shopme:ShopmeCommon:0.0.1-SNAPSHOT with classifier null to /ShopmeCommon/target/classes
2023-07-21 12:51:23,139 [Worker-49: Building] INFO  o.a.m.s.f.DefaultMavenResourcesFiltering - Copying 1 resource from src\main\resources to target\classes
2023-07-21 12:51:23,146 [Worker-49: Building] INFO  o.a.m.s.f.DefaultMavenResourcesFiltering - Copying 42 resources from src\main\resources to target\classes
2023-07-21 12:51:23,160 [Worker-49: Building] INFO  o.a.m.s.f.DefaultMavenResourcesFiltering - skip non existing resourceDirectory D:\Java\ShopmeEcommerce\ShopmeEcommerce\ShopmeProject\ShopmeWebParent\ShopmeBackEnd\src\test\resources
2023-07-21 12:51:36,298 [Worker-48: Building] INFO  o.a.m.s.f.DefaultMavenResourcesFiltering - Copying 1 resource from src\main\resources to target\classes
2023-07-21 12:51:36,306 [Worker-48: Building] INFO  o.a.m.s.f.DefaultMavenResourcesFiltering - Copying 42 resources from src\main\resources to target\classes
2023-07-21 12:51:36,321 [Worker-48: Building] INFO  o.a.m.s.f.DefaultMavenResourcesFiltering - skip non existing resourceDirectory D:\Java\ShopmeEcommerce\ShopmeEcommerce\ShopmeProject\ShopmeWebParent\ShopmeBackEnd\src\test\resources
2023-07-21 12:52:48,552 [Worker-42: Building] INFO  o.a.m.s.f.DefaultMavenResourcesFiltering - Copying 1 resource from src\main\resources to target\classes
2023-07-21 12:52:48,560 [Worker-42: Building] INFO  o.a.m.s.f.DefaultMavenResourcesFiltering - Copying 42 resources from src\main\resources to target\classes
2023-07-21 12:52:48,574 [Worker-42: Building] INFO  o.a.m.s.f.DefaultMavenResourcesFiltering - skip non existing resourceDirectory D:\Java\ShopmeEcommerce\ShopmeEcommerce\ShopmeProject\ShopmeWebParent\ShopmeBackEnd\src\test\resources
2023-07-21 12:53:19,597 [Worker-45: Building] INFO  o.a.m.s.f.DefaultMavenResourcesFiltering - Copying 1 resource from src\main\resources to target\classes
2023-07-21 12:53:19,605 [Worker-45: Building] INFO  o.a.m.s.f.DefaultMavenResourcesFiltering - Copying 42 resources from src\main\resources to target\classes
2023-07-21 12:53:19,615 [Worker-45: Building] INFO  o.a.m.s.f.DefaultMavenResourcesFiltering - skip non existing resourceDirectory D:\Java\ShopmeEcommerce\ShopmeEcommerce\ShopmeProject\ShopmeWebParent\ShopmeBackEnd\src\test\resources
2023-07-21 12:55:36,765 [Worker-51: Building] INFO  o.a.m.s.f.DefaultMavenResourcesFiltering - Copying 1 resource from src\main\resources to target\classes
2023-07-21 12:55:36,770 [Worker-51: Building] INFO  o.a.m.s.f.DefaultMavenResourcesFiltering - Copying 42 resources from src\main\resources to target\classes
2023-07-21 12:55:36,781 [Worker-51: Building] INFO  o.a.m.s.f.DefaultMavenResourcesFiltering - skip non existing resourceDirectory D:\Java\ShopmeEcommerce\ShopmeEcommerce\ShopmeProject\ShopmeWebParent\ShopmeBackEnd\src\test\resources
2023-07-21 12:55:39,965 [Worker-48: Building] INFO  o.a.m.s.f.DefaultMavenResourcesFiltering - Copying 1 resource from src\main\resources to target\classes
2023-07-21 12:55:39,971 [Worker-48: Building] INFO  o.a.m.s.f.DefaultMavenResourcesFiltering - Copying 42 resources from src\main\resources to target\classes
2023-07-21 12:55:39,982 [Worker-48: Building] INFO  o.a.m.s.f.DefaultMavenResourcesFiltering - skip non existing resourceDirectory D:\Java\ShopmeEcommerce\ShopmeEcommerce\ShopmeProject\ShopmeWebParent\ShopmeBackEnd\src\test\resources
2023-07-21 12:56:08,652 [Worker-50: Building] INFO  o.a.m.s.f.DefaultMavenResourcesFiltering - Copying 1 resource from src\main\resources to target\classes
2023-07-21 12:56:08,659 [Worker-50: Building] INFO  o.a.m.s.f.DefaultMavenResourcesFiltering - Copying 42 resources from src\main\resources to target\classes
2023-07-21 12:56:08,673 [Worker-50: Building] INFO  o.a.m.s.f.DefaultMavenResourcesFiltering - skip non existing resourceDirectory D:\Java\ShopmeEcommerce\ShopmeEcommerce\ShopmeProject\ShopmeWebParent\ShopmeBackEnd\src\test\resources
2023-07-21 12:56:21,793 [Worker-45: Building] INFO  o.a.m.s.f.DefaultMavenResourcesFiltering - Copying 1 resource from src\main\resources to target\classes
2023-07-21 12:56:21,798 [Worker-45: Building] INFO  o.a.m.s.f.DefaultMavenResourcesFiltering - Copying 42 resources from src\main\resources to target\classes
2023-07-21 12:56:21,807 [Worker-45: Building] INFO  o.a.m.s.f.DefaultMavenResourcesFiltering - skip non existing resourceDirectory D:\Java\ShopmeEcommerce\ShopmeEcommerce\ShopmeProject\ShopmeWebParent\ShopmeBackEnd\src\test\resources
2023-07-21 12:56:30,876 [Worker-42: Building] INFO  o.a.m.s.f.DefaultMavenResourcesFiltering - Copying 1 resource from src\main\resources to target\classes
2023-07-21 12:56:30,881 [Worker-42: Building] INFO  o.a.m.s.f.DefaultMavenResourcesFiltering - Copying 42 resources from src\main\resources to target\classes
2023-07-21 12:56:30,891 [Worker-42: Building] INFO  o.a.m.s.f.DefaultMavenResourcesFiltering - skip non existing resourceDirectory D:\Java\ShopmeEcommerce\ShopmeEcommerce\ShopmeProject\ShopmeWebParent\ShopmeBackEnd\src\test\resources
2023-07-21 12:57:50,097 [Worker-42: Building] INFO  o.a.m.s.f.DefaultMavenResourcesFiltering - Copying 0 resource from src\main\resources to target\classes
2023-07-21 12:57:50,097 [Worker-42: Building] INFO  o.a.m.s.f.DefaultMavenResourcesFiltering - Copying 1 resource from src\main\resources to target\classes
2023-07-21 12:57:50,107 [Worker-42: Building] INFO  o.a.m.s.f.DefaultMavenResourcesFiltering - skip non existing resourceDirectory D:\Java\ShopmeEcommerce\ShopmeEcommerce\ShopmeProject\ShopmeWebParent\ShopmeBackEnd\src\test\resources
2023-07-21 12:59:18,118 [Worker-49: Building] INFO  o.a.m.s.f.DefaultMavenResourcesFiltering - Copying 0 resource from src\main\resources to target\classes
2023-07-21 12:59:18,118 [Worker-49: Building] INFO  o.a.m.s.f.DefaultMavenResourcesFiltering - Copying 1 resource from src\main\resources to target\classes
2023-07-21 12:59:18,122 [Worker-49: Building] INFO  o.a.m.s.f.DefaultMavenResourcesFiltering - skip non existing resourceDirectory D:\Java\ShopmeEcommerce\ShopmeEcommerce\ShopmeProject\ShopmeWebParent\ShopmeBackEnd\src\test\resources
2023-07-21 12:59:38,120 [Worker-48: Launching ShopmeBackEnd - ShopmeBackEndApplication] INFO  o.e.m.c.i.p.WorkspaceClassifierResolverManager - Resolving P/ShopmeCommon: com.shopme:ShopmeCommon:0.0.1-SNAPSHOT with classifier null to /ShopmeCommon/target/classes
2023-07-21 12:59:38,284 [Worker-48: Launching ShopmeBackEnd - ShopmeBackEndApplication] INFO  o.e.m.c.i.p.WorkspaceClassifierResolverManager - Resolving P/ShopmeCommon: com.shopme:ShopmeCommon:0.0.1-SNAPSHOT with classifier null to /ShopmeCommon/target/classes
2023-07-21 12:59:38,458 [Worker-48: Launching ShopmeBackEnd - ShopmeBackEndApplication] INFO  o.e.m.c.i.p.WorkspaceClassifierResolverManager - Resolving P/ShopmeCommon: com.shopme:ShopmeCommon:0.0.1-SNAPSHOT with classifier null to /ShopmeCommon/target/classes
2023-07-21 13:00:44,381 [Worker-51: Building] INFO  o.a.m.s.f.DefaultMavenResourcesFiltering - Copying 0 resource from src\main\resources to target\classes
2023-07-21 13:00:44,382 [Worker-51: Building] INFO  o.a.m.s.f.DefaultMavenResourcesFiltering - Copying 1 resource from src\main\resources to target\classes
2023-07-21 13:00:44,386 [Worker-51: Building] INFO  o.a.m.s.f.DefaultMavenResourcesFiltering - skip non existing resourceDirectory D:\Java\ShopmeEcommerce\ShopmeEcommerce\ShopmeProject\ShopmeWebParent\ShopmeBackEnd\src\test\resources
2023-07-21 13:03:55,031 [Worker-42: Building] INFO  o.a.m.s.f.DefaultMavenResourcesFiltering - Copying 1 resource from src\main\resources to target\classes
2023-07-21 13:03:55,037 [Worker-42: Building] INFO  o.a.m.s.f.DefaultMavenResourcesFiltering - Copying 42 resources from src\main\resources to target\classes
2023-07-21 13:03:55,048 [Worker-42: Building] INFO  o.a.m.s.f.DefaultMavenResourcesFiltering - skip non existing resourceDirectory D:\Java\ShopmeEcommerce\ShopmeEcommerce\ShopmeProject\ShopmeWebParent\ShopmeBackEnd\src\test\resources
2023-07-21 13:04:07,342 [Worker-48: Building] INFO  o.a.m.s.f.DefaultMavenResourcesFiltering - Copying 1 resource from src\main\resources to target\classes
2023-07-21 13:04:07,354 [Worker-48: Building] INFO  o.a.m.s.f.DefaultMavenResourcesFiltering - Copying 42 resources from src\main\resources to target\classes
2023-07-21 13:04:07,363 [Worker-48: Building] INFO  o.a.m.s.f.DefaultMavenResourcesFiltering - skip non existing resourceDirectory D:\Java\ShopmeEcommerce\ShopmeEcommerce\ShopmeProject\ShopmeWebParent\ShopmeBackEnd\src\test\resources
2023-07-21 13:05:13,078 [Worker-45: Building] INFO  o.a.m.s.f.DefaultMavenResourcesFiltering - Copying 1 resource from src\main\resources to target\classes
2023-07-21 13:05:13,085 [Worker-45: Building] INFO  o.a.m.s.f.DefaultMavenResourcesFiltering - Copying 42 resources from src\main\resources to target\classes
2023-07-21 13:05:13,095 [Worker-45: Building] INFO  o.a.m.s.f.DefaultMavenResourcesFiltering - skip non existing resourceDirectory D:\Java\ShopmeEcommerce\ShopmeEcommerce\ShopmeProject\ShopmeWebParent\ShopmeBackEnd\src\test\resources
2023-07-21 13:05:21,682 [Worker-42: Building] INFO  o.a.m.s.f.DefaultMavenResourcesFiltering - Copying 1 resource from src\main\resources to target\classes
2023-07-21 13:05:21,688 [Worker-42: Building] INFO  o.a.m.s.f.DefaultMavenResourcesFiltering - Copying 42 resources from src\main\resources to target\classes
2023-07-21 13:05:21,697 [Worker-42: Building] INFO  o.a.m.s.f.DefaultMavenResourcesFiltering - skip non existing resourceDirectory D:\Java\ShopmeEcommerce\ShopmeEcommerce\ShopmeProject\ShopmeWebParent\ShopmeBackEnd\src\test\resources
2023-07-21 13:05:40,706 [Worker-40: Building] INFO  o.a.m.s.f.DefaultMavenResourcesFiltering - Copying 1 resource from src\main\resources to target\classes
2023-07-21 13:05:40,710 [Worker-40: Building] INFO  o.a.m.s.f.DefaultMavenResourcesFiltering - Copying 42 resources from src\main\resources to target\classes
2023-07-21 13:05:40,719 [Worker-40: Building] INFO  o.a.m.s.f.DefaultMavenResourcesFiltering - skip non existing resourceDirectory D:\Java\ShopmeEcommerce\ShopmeEcommerce\ShopmeProject\ShopmeWebParent\ShopmeBackEnd\src\test\resources
2023-07-21 13:05:48,711 [Worker-40: Building] INFO  o.a.m.s.f.DefaultMavenResourcesFiltering - Copying 1 resource from src\main\resources to target\classes
2023-07-21 13:05:48,725 [Worker-40: Building] INFO  o.a.m.s.f.DefaultMavenResourcesFiltering - Copying 42 resources from src\main\resources to target\classes
2023-07-21 13:05:48,738 [Worker-40: Building] INFO  o.a.m.s.f.DefaultMavenResourcesFiltering - skip non existing resourceDirectory D:\Java\ShopmeEcommerce\ShopmeEcommerce\ShopmeProject\ShopmeWebParent\ShopmeBackEnd\src\test\resources
2023-07-21 13:10:37,426 [Worker-53: Building] INFO  o.a.m.s.f.DefaultMavenResourcesFiltering - Copying 1 resource from src\main\resources to target\classes
2023-07-21 13:10:37,439 [Worker-53: Building] INFO  o.a.m.s.f.DefaultMavenResourcesFiltering - Copying 42 resources from src\main\resources to target\classes
2023-07-21 13:10:37,452 [Worker-53: Building] INFO  o.a.m.s.f.DefaultMavenResourcesFiltering - skip non existing resourceDirectory D:\Java\ShopmeEcommerce\ShopmeEcommerce\ShopmeProject\ShopmeWebParent\ShopmeBackEnd\src\test\resources
2023-07-21 13:15:07,810 [Worker-40: Building] INFO  o.a.m.s.f.DefaultMavenResourcesFiltering - Copying 1 resource from src\main\resources to target\classes
2023-07-21 13:15:07,827 [Worker-40: Building] INFO  o.a.m.s.f.DefaultMavenResourcesFiltering - Copying 42 resources from src\main\resources to target\classes
2023-07-21 13:15:07,840 [Worker-40: Building] INFO  o.a.m.s.f.DefaultMavenResourcesFiltering - skip non existing resourceDirectory D:\Java\ShopmeEcommerce\ShopmeEcommerce\ShopmeProject\ShopmeWebParent\ShopmeBackEnd\src\test\resources
2023-07-21 13:16:09,785 [Worker-45: Building] INFO  o.a.m.s.f.DefaultMavenResourcesFiltering - Copying 1 resource from src\main\resources to target\classes
2023-07-21 13:16:09,794 [Worker-45: Building] INFO  o.a.m.s.f.DefaultMavenResourcesFiltering - Copying 42 resources from src\main\resources to target\classes
2023-07-21 13:16:09,804 [Worker-45: Building] INFO  o.a.m.s.f.DefaultMavenResourcesFiltering - skip non existing resourceDirectory D:\Java\ShopmeEcommerce\ShopmeEcommerce\ShopmeProject\ShopmeWebParent\ShopmeBackEnd\src\test\resources
2023-07-21 13:16:35,043 [Worker-45: Building] INFO  o.a.m.s.f.DefaultMavenResourcesFiltering - Copying 1 resource from src\main\resources to target\classes
2023-07-21 13:16:35,048 [Worker-45: Building] INFO  o.a.m.s.f.DefaultMavenResourcesFiltering - Copying 42 resources from src\main\resources to target\classes
2023-07-21 13:16:35,061 [Worker-45: Building] INFO  o.a.m.s.f.DefaultMavenResourcesFiltering - skip non existing resourceDirectory D:\Java\ShopmeEcommerce\ShopmeEcommerce\ShopmeProject\ShopmeWebParent\ShopmeBackEnd\src\test\resources
2023-07-21 13:16:41,677 [Worker-45: Building] INFO  o.a.m.s.f.DefaultMavenResourcesFiltering - Copying 1 resource from src\main\resources to target\classes
2023-07-21 13:16:41,688 [Worker-45: Building] INFO  o.a.m.s.f.DefaultMavenResourcesFiltering - Copying 42 resources from src\main\resources to target\classes
2023-07-21 13:16:41,699 [Worker-45: Building] INFO  o.a.m.s.f.DefaultMavenResourcesFiltering - skip non existing resourceDirectory D:\Java\ShopmeEcommerce\ShopmeEcommerce\ShopmeProject\ShopmeWebParent\ShopmeBackEnd\src\test\resources
2023-07-21 13:16:50,906 [Worker-49: Building] INFO  o.a.m.s.f.DefaultMavenResourcesFiltering - Copying 1 resource from src\main\resources to target\classes
2023-07-21 13:16:50,911 [Worker-49: Building] INFO  o.a.m.s.f.DefaultMavenResourcesFiltering - Copying 42 resources from src\main\resources to target\classes
2023-07-21 13:16:50,923 [Worker-49: Building] INFO  o.a.m.s.f.DefaultMavenResourcesFiltering - skip non existing resourceDirectory D:\Java\ShopmeEcommerce\ShopmeEcommerce\ShopmeProject\ShopmeWebParent\ShopmeBackEnd\src\test\resources
2023-07-21 13:16:59,204 [Worker-53: Building] INFO  o.a.m.s.f.DefaultMavenResourcesFiltering - Copying 1 resource from src\main\resources to target\classes
2023-07-21 13:16:59,209 [Worker-53: Building] INFO  o.a.m.s.f.DefaultMavenResourcesFiltering - Copying 42 resources from src\main\resources to target\classes
2023-07-21 13:16:59,220 [Worker-53: Building] INFO  o.a.m.s.f.DefaultMavenResourcesFiltering - skip non existing resourceDirectory D:\Java\ShopmeEcommerce\ShopmeEcommerce\ShopmeProject\ShopmeWebParent\ShopmeBackEnd\src\test\resources
2023-07-21 13:20:12,391 [Worker-48: Building] INFO  o.a.m.s.f.DefaultMavenResourcesFiltering - Copying 1 resource from src\main\resources to target\classes
2023-07-21 13:20:12,397 [Worker-48: Building] INFO  o.a.m.s.f.DefaultMavenResourcesFiltering - Copying 42 resources from src\main\resources to target\classes
2023-07-21 13:20:12,410 [Worker-48: Building] INFO  o.a.m.s.f.DefaultMavenResourcesFiltering - skip non existing resourceDirectory D:\Java\ShopmeEcommerce\ShopmeEcommerce\ShopmeProject\ShopmeWebParent\ShopmeBackEnd\src\test\resources
2023-07-21 13:23:17,715 [Worker-54: Building] INFO  o.a.m.s.f.DefaultMavenResourcesFiltering - Copying 1 resource from src\main\resources to target\classes
2023-07-21 13:23:17,719 [Worker-54: Building] INFO  o.a.m.s.f.DefaultMavenResourcesFiltering - Copying 42 resources from src\main\resources to target\classes
2023-07-21 13:23:17,728 [Worker-54: Building] INFO  o.a.m.s.f.DefaultMavenResourcesFiltering - skip non existing resourceDirectory D:\Java\ShopmeEcommerce\ShopmeEcommerce\ShopmeProject\ShopmeWebParent\ShopmeBackEnd\src\test\resources
2023-07-21 13:23:45,180 [Worker-51: Building] INFO  o.a.m.s.f.DefaultMavenResourcesFiltering - Copying 1 resource from src\main\resources to target\classes
2023-07-21 13:23:45,190 [Worker-51: Building] INFO  o.a.m.s.f.DefaultMavenResourcesFiltering - Copying 42 resources from src\main\resources to target\classes
2023-07-21 13:23:45,205 [Worker-51: Building] INFO  o.a.m.s.f.DefaultMavenResourcesFiltering - skip non existing resourceDirectory D:\Java\ShopmeEcommerce\ShopmeEcommerce\ShopmeProject\ShopmeWebParent\ShopmeBackEnd\src\test\resources
2023-07-21 13:28:57,800 [Worker-56: Building] INFO  o.a.m.s.f.DefaultMavenResourcesFiltering - Copying 0 resource from src\main\resources to target\classes
2023-07-21 13:28:57,800 [Worker-56: Building] INFO  o.a.m.s.f.DefaultMavenResourcesFiltering - Copying 1 resource from src\main\resources to target\classes
2023-07-21 13:28:57,802 [Worker-56: Building] INFO  o.a.m.s.f.DefaultMavenResourcesFiltering - skip non existing resourceDirectory D:\Java\ShopmeEcommerce\ShopmeEcommerce\ShopmeProject\ShopmeWebParent\ShopmeBackEnd\src\test\resources
2023-07-21 13:33:22,615 [Worker-61: Building] INFO  o.a.m.s.f.DefaultMavenResourcesFiltering - Copying 0 resource from src\main\resources to target\classes
2023-07-21 13:33:22,615 [Worker-61: Building] INFO  o.a.m.s.f.DefaultMavenResourcesFiltering - Copying 1 resource from src\main\resources to target\classes
2023-07-21 13:33:22,618 [Worker-61: Building] INFO  o.a.m.s.f.DefaultMavenResourcesFiltering - skip non existing resourceDirectory D:\Java\ShopmeEcommerce\ShopmeEcommerce\ShopmeProject\ShopmeWebParent\ShopmeBackEnd\src\test\resources
2023-07-21 13:33:37,362 [Worker-62: Building] INFO  o.a.m.s.f.DefaultMavenResourcesFiltering - Copying 0 resource from src\main\resources to target\classes
2023-07-21 13:33:37,362 [Worker-62: Building] INFO  o.a.m.s.f.DefaultMavenResourcesFiltering - Copying 1 resource from src\main\resources to target\classes
2023-07-21 13:33:37,368 [Worker-62: Building] INFO  o.a.m.s.f.DefaultMavenResourcesFiltering - skip non existing resourceDirectory D:\Java\ShopmeEcommerce\ShopmeEcommerce\ShopmeProject\ShopmeWebParent\ShopmeBackEnd\src\test\resources
2023-07-21 13:33:55,993 [Worker-56: Building] INFO  o.a.m.s.f.DefaultMavenResourcesFiltering - Copying 0 resource from src\main\resources to target\classes
2023-07-21 13:33:55,993 [Worker-56: Building] INFO  o.a.m.s.f.DefaultMavenResourcesFiltering - Copying 1 resource from src\main\resources to target\classes
2023-07-21 13:33:55,996 [Worker-56: Building] INFO  o.a.m.s.f.DefaultMavenResourcesFiltering - skip non existing resourceDirectory D:\Java\ShopmeEcommerce\ShopmeEcommerce\ShopmeProject\ShopmeWebParent\ShopmeBackEnd\src\test\resources
2023-07-21 13:34:27,601 [Worker-61: Building] INFO  o.a.m.s.f.DefaultMavenResourcesFiltering - Copying 1 resource from src\main\resources to target\classes
2023-07-21 13:34:27,609 [Worker-61: Building] INFO  o.a.m.s.f.DefaultMavenResourcesFiltering - Copying 42 resources from src\main\resources to target\classes
2023-07-21 13:34:27,622 [Worker-61: Building] INFO  o.a.m.s.f.DefaultMavenResourcesFiltering - skip non existing resourceDirectory D:\Java\ShopmeEcommerce\ShopmeEcommerce\ShopmeProject\ShopmeWebParent\ShopmeBackEnd\src\test\resources
2023-07-21 13:34:56,655 [Worker-62: Building] INFO  o.a.m.s.f.DefaultMavenResourcesFiltering - Copying 1 resource from src\main\resources to target\classes
2023-07-21 13:34:56,662 [Worker-62: Building] INFO  o.a.m.s.f.DefaultMavenResourcesFiltering - Copying 42 resources from src\main\resources to target\classes
2023-07-21 13:34:56,671 [Worker-62: Building] INFO  o.a.m.s.f.DefaultMavenResourcesFiltering - skip non existing resourceDirectory D:\Java\ShopmeEcommerce\ShopmeEcommerce\ShopmeProject\ShopmeWebParent\ShopmeBackEnd\src\test\resources
2023-07-21 13:35:43,187 [Worker-62: Building] INFO  o.a.m.s.f.DefaultMavenResourcesFiltering - Copying 1 resource from src\main\resources to target\classes
2023-07-21 13:35:43,192 [Worker-62: Building] INFO  o.a.m.s.f.DefaultMavenResourcesFiltering - Copying 42 resources from src\main\resources to target\classes
2023-07-21 13:35:43,202 [Worker-62: Building] INFO  o.a.m.s.f.DefaultMavenResourcesFiltering - skip non existing resourceDirectory D:\Java\ShopmeEcommerce\ShopmeEcommerce\ShopmeProject\ShopmeWebParent\ShopmeBackEnd\src\test\resources
